spec/components/notifier/builders/consumer_role_spec.rb:7.412731894999979
spec/controllers/broker_agencies/profiles_controller_spec.rb:140.655240672
spec/controllers/employers/employer_attestations_controller_spec.rb:10.393819261999965
spec/controllers/events/brokers_controller_spec.rb:0.010547271999939767
spec/controllers/events/employers_controller_spec.rb:0.005320786000083899
spec/controllers/exchanges/announcements_controller_spec.rb:49.52825925299999
spec/controllers/exchanges/employer_applications_controller_spec.rb:17.098010343000055
spec/controllers/exchanges/products_controller_spec.rb:1.2007304769999791
spec/controllers/families_controller_spec.rb:7.890210094000054
spec/controllers/general_agencies/inboxes_controller_spec.rb:25.638119548999953
spec/controllers/insured/families_controller_spec.rb:257.37035106099995
spec/controllers/insured/family_members_controller/family_members_controller_update_spec.rb:0.09242601999994804
spec/controllers/payment_transactions_controller_spec.rb:8.791781109000112
spec/controllers/people_controller_spec.rb:4.228178899999875
spec/controllers/saml_controller_spec.rb:12.88845781200007
spec/controllers/users/passwords_controller_spec.rb:2.6475772930000403
spec/controllers/users/security_question_responses_controller_spec.rb:1.7023581979999562
spec/data_migrations/add_hbx_enrollment_member_spec.rb:2.310290312999996
spec/data_migrations/add_new_eligibility_determination_spec.rb:0.6092681390000507
spec/data_migrations/broker_email_invitation_spec.rb:0.5660495750000791
spec/data_migrations/build_individual_market_transition_spec.rb:1.033088732999886
spec/data_migrations/cancel_dental_offerings_from_plan_year_spec.rb:0.0003232050000860909
spec/data_migrations/cancel_plan_years_group_spec.rb:5.456183900999804
spec/data_migrations/change_broker_assignment_date_spec.rb:1.0763484889998836
spec/data_migrations/change_broker_details_spec.rb:5.236672705000046
spec/data_migrations/change_census_employee_details_spec.rb:0.0698031690001244
spec/data_migrations/change_census_employee_dot_spec.rb:0.6567414569999528
spec/data_migrations/change_fein_new_model_spec.rb:0.32336825200013664
spec/data_migrations/change_gender_spec.rb:0.3596570080001129
spec/data_migrations/change_initial_plan_year_aasm_state_spec.rb:3.037633208999978
spec/data_migrations/change_person_name_suffix_spec.rb:0.1564801950000856
spec/data_migrations/change_suffix_person_spec.rb:0.12380749500016464
spec/data_migrations/components/fix_organization_spec.rb:5.620969138000191
spec/data_migrations/correct_curam_vlp_status_spec.rb:6.566655576999892
spec/data_migrations/correct_invalid_benefit_group_assignments_for_employer_spec.rb:0.0003404059998501907
spec/data_migrations/correct_not_lawfully_citizen_status_spec.rb:2.1518502180001633
spec/data_migrations/correct_plan_in_enrollments_spec.rb:0.4492147720000048
spec/data_migrations/create_employer_staff_role_spec.rb:7.325800631999982
spec/data_migrations/creating_person_record_spec.rb:0.10844505800014304
spec/data_migrations/delete_duplicate_addresses_spec.rb:0.2511007390000941
spec/data_migrations/delink_broker_general_agency_spec.rb:0.4460983200001465
spec/data_migrations/delink_broker_spec.rb:0.6544889060000969
spec/data_migrations/exchange_ssn_between_two_accounts_spec.rb:0.7952926580001076
spec/data_migrations/expire_conversion_employers_spec.rb:4.4750725060000605
spec/data_migrations/extending_open_enrollment_end_date_for_employers_spec.rb:2.2547501599999578
spec/data_migrations/fix_benefit_group_assignments_for_conversion_er_without_active_plan_year_spec.rb:2.3323225409999395
spec/data_migrations/fix_title_for_existing_quotes_spec.rb:1.887376637999978
spec/data_migrations/group_conversion_employers_migration_spec.rb:6.217819085999963
spec/data_migrations/import_ivl_benefit_coverage_period_spec.rb:13.267932186000053
spec/data_migrations/map_dental_plans_spec.rb:0.2299370099999578
spec/data_migrations/match_coverage_household_with_family_member_spec.rb:1.283580891999918
spec/data_migrations/migrate_invoices_to_employer_profile_spec.rb:0.1861742419998791
spec/data_migrations/reinstate_plan_year_spec.rb:0.0003151050000269606
spec/data_migrations/remove_benefit_package_spec.rb:3.728950509000015
spec/data_migrations/remove_consumer_role_spec.rb:2.9131200509998507
spec/data_migrations/remove_dependent_from_ee_enrollment_spec.rb:1.229710262000026
spec/data_migrations/remove_dependent_spec.rb:8.694489625000188
spec/data_migrations/remove_family_member_from_coverage_household_spec.rb:1.824162018999914
spec/data_migrations/remove_ssn_spec.rb:0.13273862400001235
spec/data_migrations/remove_termination_date_from_enrollment_spec.rb:0.38803891699990345
spec/data_migrations/terminate_a_census_employee_spec.rb:1.4504771179999807
spec/data_migrations/terminate_census_employee_spec.rb:0.8555003439998927
spec/data_migrations/update_aptc_dental_enr_spec.rb:0.7550435119999293
spec/data_migrations/update_aptc_spec.rb:0.6821645009999884
spec/data_migrations/update_book_mark_url_for_employee_role_spec.rb:0.3071049820000553
spec/data_migrations/update_carrier_names_spec.rb:0.19732390800004396
spec/data_migrations/update_ee_dot_spec.rb:0.5078429420000248
spec/data_migrations/update_employer_status_spec.rb:1.2262211939998906
spec/data_migrations/update_fehb_oe_dates_and_contribution_cap_spec.rb:3.449439484000095
spec/data_migrations/update_fields_of_employee_role_spec.rb:1.9822388130000945
spec/data_migrations/update_full_phone_number_spec.rb:0.3619965170000796
spec/data_migrations/update_hbx_enrollment_benefit_group_assignment_spec.rb:2.1132786079999732
spec/data_migrations/update_office_location_spec.rb:0.486509414000011
spec/data_migrations/update_person_name_spec.rb:0.26040886800001317
spec/data_migrations/update_sep_market_kind_spec.rb:0.9257763079999677
spec/data_migrations/update_waiver_reason_spec.rb:0.45738166899991484
spec/helpers/exchanges/broker_applicants_helper_spec.rb:0.36155000999997355
spec/helpers/insured/employee_roles_helper_spec.rb:0.03382261499996275
spec/helpers/insured/plan_shopping/receipt_helper_spec.rb:35.82439751400011
spec/lib/tasks/hbx_import/employer_monkeypatch_spec.rb:0.029321746000050553
spec/lib/tasks/migrations/plans/load_benefit_market_catalogs_spec.rb:13.373370354000144
spec/lib/tasks/migrations/plans/load_rating_factors_spec.rb:29.645172070999934
spec/lib/tasks/notices/shop_employee_notice_for_all_inputs_spec.rb:0.002596040000071298
spec/lib/tasks/renewal_state_change_spec.rb:7.882564560999981
spec/lib/tasks/terminate_employer_accounts_spec.rb:0.00034610500006238
spec/mailers/generic_consumer_welcome_spec.rb:0.03469452700005604
spec/models/access_policies/employer_profile_spec.rb:38.76542767000001
spec/models/admin/aptc_spec.rb:12.709839439999996
spec/models/benefit_coverage_period_spec.rb:22.51417214900016
spec/models/benefit_group_assignment_spec.rb:53.19449908299998
spec/models/broker_agency_account_spec.rb:1.3143393059999653
spec/models/census_employee_query_spec.rb:0.37422546800007694
spec/models/composite_rating_base_rates_calculator_spec.rb:0.013504304999969463
spec/models/composite_rating_tier_factor_set_spec.rb:0.2730165349996696
spec/models/coverage_and_pricing_reports/hbx_enrollment_sponsor_enrollment_coverage_report_calculator_spec.rb:0.5560983230000147
spec/models/email_spec.rb:1.5829197729999578
spec/models/employer_participation_rate_rating_factor_set_spec.rb:0.19398343900024884
spec/models/enrollment_period/base_spec.rb:0.019074188999866237
spec/models/factories/family_enrollment_clone_factory_spec.rb:14.200974338999913
spec/models/factories/plan_year_renewal_factory_spec.rb:4.436799872999927
spec/models/favorite_general_agency_spec.rb:0.4519846430000598
spec/models/forms/consumer_role_spec.rb:0.6445504579999124
spec/models/forms/employee_candidate_spec.rb:1.1721878450000531
spec/models/forms/employer_profile_spec.rb:2.595986699999912
spec/models/general_agency_account_spec.rb:2.496996999999965
spec/models/general_agency_staff_role_spec.rb:7.217347547999907
spec/models/hbx_enrollment_composite_rating_spec.rb:0.03303600000003826
spec/models/hbx_enrollment_list_sponsor_cost_calculator_spec.rb:5.0387137630000325
spec/models/hbx_enrollment_mongoid_issues_spec.rb:11.343361863999917
spec/models/hbx_profile_spec.rb:3.6416065039998102
spec/models/insured/forms/self_term_or_cancel_form_spec.rb:17.518262340999854
spec/models/irs_group_spec.rb:0.06442417400012346
spec/models/message_spec.rb:0.0022919340001408273
spec/models/parsers/xml/cv/importers/family_parser_spec.rb:0.7765717479999239
spec/models/parsers/xml/cv/lawful_presence_response_parser_spec.rb:0.023104150000108348
spec/models/person_relationship_spec.rb:1.3866836760000751
spec/models/plan_cost_decorator_spec.rb:7.3905345919999945
spec/models/premium_payment_spec.rb:0.003215448999981163
spec/models/premium_table_spec.rb:0.1725723099998504
spec/models/qualifying_life_event_kind_spec.rb:0.2060598170000958
spec/models/queries/named_enrollment_queries_spec.rb:7.006462070999987
spec/models/quote_spec.rb:3.6709449190000214
spec/models/rating_factor_entry_spec.rb:0.08432577600001423
spec/models/relationship_benefit_spec.rb:0.9730185149999215
spec/models/resident_role_spec.rb:0.013040197000009357
spec/models/ridp_document_spec.rb:0.3993626399999357
spec/models/rule_set/hbx_enrollment/individual_market_verificiation_spec.rb:21.067274962999818
spec/models/scheduled_event_spec.rb:0.6861269730000004
spec/models/services/applicable_aptc_service_spec.rb:0.3677074590000302
spec/models/services/checkbook_services/plan_comparison_spec.rb:24.27091700699998
spec/models/services/employee_signup_match_spec.rb:0.01043105700000524
spec/models/sponsored_benefits/employer_profile_builder_spec.rb:4.398418880999998
spec/models/subscribers/default_ga_changed_spec.rb:2.4932954840001003
spec/models/subscribers/shop_renewal_transmission_authorized_spec.rb:0.01215958399984629
spec/models/subscribers/ssa_verification_spec.rb:2.372424156999841
spec/models/tax_household_spec.rb:43.77771660600001
spec/models/transcripts/enrollment_transcript_spec.rb:1.9581811829998514
spec/models/transcripts/family_transcript_spec.rb:0.40517132099989794
spec/models/unassisted_plan_cost_decorator_spec.rb:67.78403536500014
spec/notices/ivl_notices/enrollment_notice_builder_spec.rb:79.33764299900008
spec/notices/ivl_notices/ivl_backlog_verification_notice_uqhp_spec.rb:33.00176056100008
spec/notices/ivl_notices/ivl_renewal_notice_spec.rb:40.15070786000001
spec/notices/shop_employee_notices/ee_sep_request_accepted_notice_spec.rb:17.287684237999883
spec/notices/shop_employee_notices/employee_open_enrollment_reminder_notice_spec.rb:10.549987571999964
spec/notices/shop_employee_notices/employee_termination_notice_spec.rb:15.83762123800011
spec/notices/shop_employee_notices/open_enrollment_notice_for_auto_renewal_spec.rb:9.476470764000169
spec/notices/shop_employee_notices/open_enrollment_notice_for_no_renewal_spec.rb:9.583499074999963
spec/notices/shop_employee_notices/sep_request_denial_notice_spec.rb:7.848710800999925
spec/notices/shop_employer_notices/initial_employer_first_invoice_available_spec.rb:5.886042691000057
spec/notices/shop_employer_notices/initial_employer_reminder_to_publish_plan_year_spec.rb:2.805250716999808
spec/notices/shop_employer_notices/renewal_employer_eligibility_notice_spec.rb:3.590764566000189
spec/notices/shop_employer_notices/renewal_employer_reminder_to_publish_planyear_spec.rb:4.206210249000151
spec/policies/consumer_role_policy_spec.rb:10.78768862600009
spec/policies/family_policy_spec.rb:13.885254944000053
spec/policies/hbx_profile_policy_spec.rb:100.48131997300015
spec/reports/hbx_reports/edi_enrollment_termination_report_spec.rb:18.324233939999885
spec/reports/hbx_reports/shop_enrollment_report_spec.rb:0.4006957420001527
spec/routing/exchanges/security_questions_routing_spec.rb:0.00956854400010343
spec/routing/routes_spec.rb:0.0007162110000535904
spec/routing/user_routing_spec.rb:0.006729201999860379
spec/script/projected_eligibility_notice_1_spec.rb:2.710237272000086
spec/views/broker_agencies/profiles/_assign.html.erb_spec.rb:6.34253274699995
spec/views/employers/census_employees/address_fields.html.erb_spec.rb:2.8463274229998206
spec/views/employers/employer_profiles/_employer_form.html.erb_spec.rb:0.6185219280000638
spec/views/employers/employer_profiles/_primary_nav.html.erb_spec.rb:24.125512410999818
spec/views/employers/employer_profiles/my_account/_enrollment_progress_bar.erb_spec.rb:0.19141838699988512
spec/views/employers/plan_years/new.html.erb_spec.rb:0.7728935549998823
spec/views/events/identity_verification/interactive_session_start.xml.haml_spec.rb:2.5269241059991145
spec/views/events/individuals/created.xml.haml_spec.rb:4.596724217000428
spec/views/events/lawful_presence/ssa_verification_request.xml.haml_spec.rb:1.5775181899994095
spec/views/exchanges/employer_applications/_index.html.erb_spec.rb:19.148940351999954
spec/views/exchanges/hbx_profiles/_edit_fein.html.erb_spec.rb:0.5361656840000251
spec/views/exchanges/scheduled_events/index.html.erb_spec.rb:2.4041164519999256
spec/views/general_agencies/_show.html.erb_spec.rb:21.995068460999846
spec/views/general_agencies/_staffs.html.erb_spec.rb:17.24524213399991
spec/views/general_agencies/edit.html.erb_spec.rb:27.75624111499974
spec/views/insured/consumer_roles/edit.html.erb_spec.rb:31.157273085999805
spec/views/insured/employee_roles/new_message_form.html.erb_spec.rb:0.0645490729998528
spec/views/insured/families/_consumer_broker.html.erb_spec.rb:1.1270276929999454
spec/views/insured/families/_effective_on_kind_fields.html.erb_spec.rb:0.12313305699990451
spec/views/insured/families/_employee_broker_widget.erb_spec.rb:1.6488546609998593
spec/views/insured/families/_enrollment.html.erb_spec.rb:1.1245219560000805
spec/views/insured/families/_navigate_to_curam_for_documents.html.erb_spec.rb:0.05591664299981858
spec/views/insured/families/_qle_detail.html.erb_spec.rb:2.2476102880000326
spec/views/insured/families/_shop_for_plans_widget.html.erb_spec.rb:21.1689418750002
spec/views/insured/families/_waived_coverage_widget.erb_spec.rb:9.54914407599972
spec/views/insured/families/personal.html.erb_spec.rb:25.455853803000082
spec/views/insured/family_members/_dependent_form.html.erb_spec.rb:42.622611316000075
spec/views/insured/family_members/show.js.erb_spec.rb:2.4322995709999304
spec/views/insured/interactive_identity_verifications/failed_validation.html.haml_spec.rb:7.141028662999815
spec/views/insured/plan_shoppings/coverage_information.html.slim_spec.rb:0.8687124970001605
spec/views/insured/plan_shoppings/plan_filters.html.erb_spec.rb:6.197042531000079
spec/views/insured/plan_shoppings/print_waiver.html.erb_spec.rb:0.10722461700015629
spec/views/people/landing_pages/_peronal.html.erb_spec.rb:2.8736287239999
spec/views/products/qhp/summary.js.erb_spec.rb:0.1193349989998751
spec/views/shared/_signup_progress.html.haml_spec.rb:0.12723981799990725
spec/views/shared/edit_reference_plans_list.html.erb_spec.rb:0.6547559709997586
spec/views/shared/my_portal_links.html.erb_spec.rb:13.546051727999838
spec/views/shared/plan_shoppings/_plan_visit_types.html.erb_spec.rb:0.05939859600039199
spec/views/shared/plan_shoppings/_provider_directory_url.html.erb_spec.rb:0.04079581500036511
spec/views/shared/shared/inboxes/_message_list.html.erb_spec.rb:0.11635935399999653
spec/views/shared/shop_for_plans_progress.html.erb_spec.rb:1.7115130040001532
spec/views/ui-components/v1/cards/_benefit_groups.html.slim_spec.rb:2.706950612000128
spec/views/ui-components/v1/cards/_employee_enrollments.html.slim_spec.rb:1.1893338310001127
spec/views/ui-components/v1/layouts/_footer.html.slim_spec.rb:0.3066655239999818
spec/components/notifier/builders/dependent_service_spec.rb:0.9905587750000677
spec/controllers/employers/broker_agency_controller_spec.rb:5.186579375999941
spec/controllers/events/residency_verification_requests_controller_spec.rb:0.7058045309998988
spec/controllers/events/ssa_verification_requests_controller_spec.rb:1.299759129999984
spec/controllers/events/vlp_verification_requests_controller_spec.rb:1.0488087079999104
spec/controllers/exchanges/scheduled_events_controller_spec.rb:0.37782888499998535
spec/controllers/hbx_admin_controller_spec.rb:8.296884219000049
spec/controllers/insured/consumer_roles_controller/consumer_roles_controller_update_spec.rb:0.01580137000007653
spec/controllers/insured/plan_shoppings_controller_spec.rb:135.32125577800002
spec/controllers/products/qhp_controller_spec.rb:17.441975298999978
spec/controllers/ridp_documents_controller_spec.rb:11.176153732999978
spec/controllers/users/registrations_controller_spec.rb:4.866376687999946
spec/controllers/users_controller_spec.rb:8.397901120999904
spec/data_migrations/add_family_member_to_coverage_household_spec.rb:0.6390324779999901
spec/data_migrations/add_plan_to_enrollment_spec.rb:0.5639931700000034
spec/data_migrations/change_applied_aptc_amount_spec.rb:0.6369793420000178
spec/data_migrations/change_date_of_hire_spec.rb:1.6237931019999223
spec/data_migrations/change_enrollment_details_spec.rb:7.776650365000023
spec/data_migrations/change_enrollment_member_applicant_id_spec.rb:1.9401256149999426
spec/data_migrations/change_person_dob_spec.rb:0.18946823800001766
spec/data_migrations/change_person_family_member_linkage_spec.rb:0.34941370199999255
spec/data_migrations/change_plan_year_effective_terminated_on_spec.rb:0.39119687099992007
spec/data_migrations/clone_consumer_role_spec.rb:0.5993724070000326
spec/data_migrations/components/fix_office_location_address_kind_spec.rb:0.2059250009999687
spec/data_migrations/correct_employees_with_incorrect_waivers_spec.rb:3.320766103999972
spec/data_migrations/disable_person_account_spec.rb:0.15392266499998186
spec/data_migrations/fix_hub_verified_consumer_spec.rb:0.011378881999917212
spec/data_migrations/fix_invalid_relationship_benefit_in_plan_year_spec.rb:0.6136902270000064
spec/data_migrations/invoke_hub_response_spec.rb:0.6246558010000172
spec/data_migrations/make_benefit_group_assignment_active_spec.rb:0.44900338799993733
spec/data_migrations/migrate_plan_year_spec.rb:1.2148624449999943
spec/data_migrations/move_employer_staff_role_between_two_people_spec.rb:1.5035874589999594
spec/data_migrations/move_enrollment_between_two_accounts_spec.rb:4.168535560000009
spec/data_migrations/move_user_account_between_two_people_accounts_spec.rb:4.854695855000045
spec/data_migrations/notify_renewal_employees_dental_carriers_exiting_shop_spec.rb:1.3986667290000696
spec/data_migrations/reactivate_tax_household_with_assistance_year_spec.rb:0.7522436059999791
spec/data_migrations/remove_invalid_benefit_group_assignment_for_census_employee_spec.rb:0.00031570500004818314
spec/data_migrations/remove_member_from_hbx_enrollment_spec.rb:1.2206880790000696
spec/data_migrations/remove_plan_offerings_for_er_spec.rb:0.8518969900000002
spec/data_migrations/resolve_census_employee_validation_failures_spec.rb:2.7935549499999297
spec/data_migrations/terminate_enr_with_date_spec.rb:0.3847319340000013
spec/data_migrations/trigger_shop_notices_spec.rb:0.2826517049999211
spec/data_migrations/unset_employee_role_id_spec.rb:1.950828290000004
spec/data_migrations/update_all_ga_staff_is_primary_true_spec.rb:0.3726819370000385
spec/data_migrations/update_all_plan_options_spec.rb:0.15773561299999983
spec/data_migrations/update_benefit_group_assignment_start_date_spec.rb:0.8194334539999772
spec/data_migrations/update_benefit_sponsorship_states_spec.rb:10.027456162000021
spec/data_migrations/update_conversion_flag_spec.rb:2.162802072999966
spec/data_migrations/update_coverage_household_member_spec.rb:0.27916203600000244
spec/data_migrations/update_curam_user_records_spec.rb:0.32818051399999604
spec/data_migrations/update_employee_role_id_spec.rb:14.862070175000099
spec/data_migrations/update_initial_invoice_title_spec.rb:5.642300435000038
spec/data_migrations/update_minimum_contribution_factor_on_contribution_unit_spec.rb:0.5642004280000492
spec/data_migrations/update_plan_years_with_dental_offerings_spec.rb:2.8351683500000036
spec/data_migrations/update_product_package_rates_spec.rb:1.5213199560000703
spec/data_migrations/update_user_email_spec.rb:4.015647766000029
spec/helpers/consumer_roles_helper_spec.rb:6.712206782999942
spec/helpers/employers/employer_helper_spec.rb:52.53077588300005
spec/helpers/events_helper_spec.rb:18.4124177650001
spec/helpers/hbx_admin_helper_spec.rb:1.8174066650000213
spec/lib/migrations/load_federal_holidays_spec.rb:0.07986054699995293
spec/lib/sbc/sbc_processor2015_spec.rb:0.35970401300005506
spec/lib/tasks/conversion_import_spec.rb:2.867679839999937
spec/lib/tasks/hbx_import/broker/broker_parser_spec.rb:0.01605704999997215
spec/lib/tasks/hbx_reports/users_account_with_no_email_spec.rb:2.0337675199999694
spec/lib/tasks/migrations/plans/load_dummy_rates_spec.rb:0.049403771000015695
spec/lib/tasks/recurring/employee_dependent_age_off_termination_spec.rb:1.4337336560000722
spec/lib/tasks/update_super_group_spec.rb:0.8104635350000535
spec/models/access_policies/employee_role_spec.rb:24.29341605000002
spec/models/ach_record_spec.rb:0.3679237190000322
spec/models/address_spec.rb:0.32147079399999257
spec/models/analytics/aggregate_event_spec.rb:8.014932407999936
spec/models/application_event_kind_spec.rb:0.07333063800001582
spec/models/benefit_sponsorship_spec.rb:25.071090744999992
spec/models/broker_agency_profile_spec.rb:12.63076336000006
spec/models/broker_role_spec.rb:7.278992530999972
spec/models/carrier_service_area_spec.rb:0.7248880019999433
spec/models/census_dependent_spec.rb:0.21730055799991987
spec/models/census_employee_composite_rating_spec.rb:0.016739257999915935
spec/models/composite_rated_plan_cost_decorator_spec.rb:0.010122655999907693
spec/models/concerns/csv_operater_spec.rb:0.0012429199999814955
spec/models/concerns/legacy_versioning_records_spec.rb:0.0024688380000270627
spec/models/concerns/value_parsers/optimistic_ssn_parser_spec.rb:0.011043470999993588
spec/models/consumer_role_spec.rb:95.9751837469995
spec/models/coverage_and_pricing_reports/hbx_enrollment_pricing_determination_calculator_spec.rb:0.4401936500000829
spec/models/effective/datatable/quote_datatable_spec.rb:0.14819587199986017
spec/models/eligibility_determination_spec.rb:1.3624359899999945
spec/models/employee_role_spec.rb:56.38366910599984
spec/models/employer_attestation_spec.rb:1.5740399530000104
spec/models/employer_profile_account_spec.rb:19.33133713899997
spec/models/enrollments/individual_market/family_enrollment_renewal_spec.rb:46.69401262700012
spec/models/factories/eligibility_factory_spec.rb:236.75127495200013
spec/models/factories/employer_enroll_factory_spec.rb:0.001590223999983209
spec/models/factories/employment_relationship_factory_spec.rb:1.3013269989999117
spec/models/family_spec.rb:110.86011851199987
spec/models/forms/family_member_spec.rb:8.055034948999719
spec/models/full_stripped_names_spec.rb:0.010431158000073992
spec/models/general_agency_profile_spec.rb:8.931143880000036
spec/models/hbx_id_generator_spec.rb:0.007421511999837094
spec/models/identity_verification/interactive_verification_override_response_spec.rb:0.012757593000060297
spec/models/importers/conversion_employee_action_spec.rb:0.43927673799998956
spec/models/importers/conversion_employee_policy_update_spec.rb:10.181645563999837
spec/models/importers/conversion_employee_update_spec.rb:0.01256198900000527
spec/models/importers/conversion_employer_set_spec.rb:4.466161586999988
spec/models/inbox_spec.rb:0.036116546000130256
spec/models/insured/forms/product_form_spec.rb:1.4146450750001804
spec/models/lawful_presence_determination_spec.rb:2.5799711839999873
spec/models/office_location_spec.rb:1.3380731180000112
spec/models/paper_application_spec.rb:0.19213760299999194
spec/models/parsers/xml/cv/importers/enrollment_parser_spec.rb:0.935213130999955
spec/models/parsers/xml/cv/importers/individual_parser_spec.rb:0.1976224860000002
spec/models/parsers/xml/cv/residency_verification_response_spec.rb:0.004277665000017805
spec/models/parsers/xml/cv/ssa_verification_result_parser_spec.rb:0.01618084500000805
spec/models/payload_inflater_spec.rb:0.010865964999993594
spec/models/person_versioning_spec.rb:10.98529577499994
spec/models/plan_selection_scopes_spec.rb:0.3013750529999015
spec/models/plan_spec.rb:15.712429067999892
spec/models/queries/family_datatable_query_spec.rb:0.42453231300009975
spec/models/queries/named_policy_queries_spec.rb:0.00043110699994031165
spec/models/queries/policy_aggregration_pipeline_spec.rb:27.579237967999916
spec/models/queries/shop_monthly/monthly_enrollment_query_spec.rb:1.1980580940000891
spec/models/queries/shop_monthly/monthly_renewal_termination_query_spec.rb:0.00042800699998224445
spec/models/security_question_spec.rb:0.2699788780000745
spec/models/sic_code_rating_factor_set_spec.rb:0.43479806599975745
spec/models/sic_code_spec.rb:0.5278223709999565
spec/models/subscribers/family_application_completed_spec.rb:43.94696301299996
spec/models/subscribers/lawful_presence_spec.rb:2.914812507999841
spec/models/subscribers/local_residency_spec.rb:1.7215663920001134
spec/models/vlp_document_spec.rb:0.3193782219998411
spec/models/workflow_state_transition_spec.rb:0.046655603999852246
spec/notices/ivl_notices/coverall_to_ivl_transition_notice_builder_spec.rb:15.629750562999789
spec/notices/ivl_notices/final_eligibility_notice_aqhp_spec.rb:23.938214956000138
spec/notices/ivl_notices/final_eligibility_notice_renewal_aqhp_spec.rb:21.85742270800006
spec/notices/shop_broker_notices/broker_fired_notice_spec.rb:11.93087886499984
spec/notices/shop_broker_notices/broker_hired_notice_spec.rb:15.720461645000114
spec/notices/shop_employee_notices/ee_plan_selection_confirmation_sep_new_hire_spec.rb:21.30937576500014
spec/notices/shop_employee_notices/notify_employee_of_initial_employer_ineligibility_spec.rb:5.515646828000172
spec/notices/shop_employee_notices/open_enrollment_notice_for_unenrolled_spec.rb:6.165679134999891
spec/notices/shop_employee_notices/termination_of_employers_health_coverage_spec.rb:51.378533482999956
spec/notices/shop_employer_notices/broker_hired_confirmation_notice_spec.rb:0.849553417000152
spec/notices/shop_employer_notices/employee_terminating_coverage_spec.rb:11.796429861999968
spec/notices/shop_employer_notices/employer_broker_fired_notice_spec.rb:1.0355083220001688
spec/notices/shop_employer_notices/employer_renewal_eligibility_denial_notice_spec.rb:1.4012748400000419
spec/notices/shop_employer_notices/initial_employer_ineligibility_notice_spec.rb:8.042312323000033
spec/notices/shop_employer_notices/renewal_employer_ineligibility_notice_spec.rb:6.182893169999943
spec/notices/shop_general_agency_notices/general_agency_hired_notice_spec.rb:27.04132540899991
spec/policies/employer_profile_policy_spec.rb:15.138477147000003
spec/reports/hbx_reports/primary_family_members_data_with_e_case_id_spec.rb:0.21072687900004894
spec/script/cobra_enrollment_report_spec.rb:0.005660486000124365
spec/script/projected_eligibility_notice_2_spec.rb:2.326406291000012
spec/test_data/verified_family_payloads/core_scenarios/core_scenarios_spec.rb:344.82628863599984
spec/views/broker_agencies/broker_roles/confirmation.html.erb_spec.rb:1.715050257999792
spec/views/broker_agencies/profiles/_families.html.erb_spec.rb:0.47764590099995985
spec/views/broker_agencies/profiles/_families_table_for_broker.html.erb_spec.rb:1.1077683010003057
spec/views/broker_agencies/profiles/_menu.html.erb_spec.rb:13.55625278799971
spec/views/broker_agencies/profiles/edit.html.erb_spec.rb:1.661222245999852
spec/views/employers/census_employees/enrollment_details.html.erb_spec.rb:0.7408109689999947
spec/views/employers/census_employees/show.html.erb_spec.rb:79.10864829000002
spec/views/employers/employer_profiles/_billing.html.erb_spec.rb:0.162957557000027
spec/views/employers/employer_profiles/_index_table.html.erb_spec.rb:0.20200634599996192
spec/views/employers/employer_profiles/my_account/employees_by_status.html.erb_spec.rb:24.42828818800035
spec/views/employers/employer_profiles/my_account/profile_tab.html.erb_spec.rb:0.03910318999987794
spec/views/employers/plan_years/_reference_plan_summary_modal.html.erb_spec.rb:0.36047133500005657
spec/views/events/brokers/created.xml.haml_spec.rb:0.7430040019999069
spec/views/events/hbx_enrollment/enrollment_event.xml.haml_spec.rb:1.1589701729999433
spec/views/events/lawful_presence/vlp_verification_request.xml.haml_spec.rb:1.6188384059996679
spec/views/events/residency/verification_request.xml.haml_spec.rb:1.4401402109997434
spec/views/events/v2/employers/_broker_agency_account.xml.haml_spec.rb:2.3528969730000426
spec/views/events/v2/employers/_elected_plan.xml.haml_spec.rb:0.23038747300006435
spec/views/exchanges/agents/_primary_nav.html.erb_spec.rb:1.5168532690004213
spec/views/exchanges/announcements/index.html.erb_spec.rb:7.908959437000249
spec/views/exchanges/hbx_profiles/_edit_enrollment.html.erb_spec.rb:3.448041682999701
spec/views/exchanges/hbx_profiles/_new_benefit_application.html.slim_spec.rb:2.4968618430002607
spec/views/exchanges/hbx_profiles/show.html.erb_spec.rb:1.5850005959996452
spec/views/exchanges/scheduled_events/new.html.erb_spec.rb:1.5406109269997614
spec/views/exchanges/scheduled_events/show.html.erb_spec.rb:1.3732944040002621
spec/views/general_agencies/_index.html.erb_spec.rb:24.216294785000173
spec/views/hbx_admin/_edit_aptc_csr_spec.rb:10.86494349900022
spec/views/insured/employee_roles/match.html.haml_spec.rb:4.160648824999953
spec/views/insured/employee_roles/search.html.haml_spec.rb:0.06203043499999694
spec/views/insured/families/_employer_panel.html.erb_spec.rb:2.350003329000174
spec/views/insured/families/_qles.html.erb_spec.rb:1.6170628790000592
spec/views/insured/families/_qles_carousel.html.erb_spec.rb:1.1888931230000708
spec/views/insured/families/documents_upload.html.erb_spec.rb:0.00045720700018136995
spec/views/insured/families/find_sep.html.erb_spec.rb:7.455412697000156
spec/views/insured/families/purchase.html.erb_spec.rb:1.4773146719999204
spec/views/insured/family_members/index.html.erb_spec.rb:5.886980250999841
spec/views/insured/group_selection/edit_plan.html.erb_spec.rb:6.285974765999981
spec/views/insured/interactive_identity_verifications/new.html.haml_spec.rb:1.5323960020000413
spec/views/insured/plan_shoppings/plans.js.erb_spec.rb:0.01804887200023586
spec/views/insured/plan_shoppings/thankyou.html.erb_spec.rb:0.8919416469998396
spec/views/layout/horizontal_status.html.erb_spec.rb:0.016842453999743157
spec/views/notices/ivl/final_catastrophic_plan_letter.html.erb_spec.rb:2.012168334999842
spec/views/shared/_dependents_list_modal.html.erb_spec.rb:3.8801845970001523
spec/views/shared/_network_data.html.erb_spec.rb:0.019228690000090864
spec/views/shared/census_dependent_fields.html.erb_spec.rb:0.11566414399976566
spec/views/shared/plan_shoppings/_select_plan_button.html.erb_spec.rb:0.029344742999910522
spec/views/shared/portal_title_spec.rb:10.372099267000067
spec/views/shared/qle_progress.html.erb_spec.rb:1.1900725410000632
spec/views/shared/shared/inboxes/_messages_list.html.erb_spec.rb:0.07736036599999352
spec/views/shared/signup_progress.html.erb_spec.rb:0.032955097000012756
spec/views/shared/waive.html.erb_spec.rb:0.013765107999915926
spec/concerns/scheduled_event_service_spec.rb:0.19869662600001448
spec/controllers/application_controller_spec.rb:34.679861845000005
spec/controllers/broker_agencies/broker_roles_controller_spec.rb:17.276671738999994
spec/controllers/concerns/employee_roles_spec.rb:0.9055965490000517
spec/controllers/concerns/sep_all_spec.rb:0.0041836700000885685
spec/controllers/concerns/vlp_doc_spec.rb:5.866115845000081
spec/controllers/documents_controller_spec.rb:52.301791157000025
spec/controllers/employers/census_employees_controller_spec.rb:50.60806980999996
spec/controllers/employers/inboxes_controller_spec.rb:1.2897829240000647
spec/controllers/employers/people_controller_spec.rb:5.265149038000004
spec/controllers/events/policies_controller_spec.rb:0.0210243400000536
spec/controllers/exchanges/hbx_profiles_controller_spec.rb:173.47644504799996
spec/controllers/insured/consumer_roles_controller_spec.rb:112.060660289
spec/controllers/insured/family_members_controller_spec.rb:41.12230904399996
spec/controllers/insured/group_selection_controller_spec.rb:286.01105759999996
spec/controllers/insured/interactive_identity_verifications_controller_spec.rb:6.667058576000045
spec/controllers/insured/verification_documents_controller_spec.rb:6.697740224000199
spec/data_migrations/activate_or_deactivate_employer_link_for_broker_spec.rb:3.177394103999859
spec/data_migrations/add_and_remove_enrollment_member_spec.rb:7.914981061999924
spec/data_migrations/add_existing_family_member_as_dependent_to_enrollment_spec.rb:1.3614895499999875
spec/data_migrations/app/change_renewing_plan_year_aasm_state_spec.rb:0.0012920200001644844
spec/data_migrations/cancel_plan_year_spec.rb:2.769717407000144
spec/data_migrations/change_broker_npn_spec.rb:0.20282497599987437
spec/data_migrations/change_enrollment_termination_date_spec.rb:1.1447754620000978
spec/data_migrations/change_fein_spec.rb:0.6031782479999492
spec/data_migrations/change_general_agency_staff_role_spec.rb:0.6311478719999286
spec/data_migrations/change_hbx_id_spec.rb:0.11024087199984933
spec/data_migrations/change_incorrect_termination_date_in_enrollment_spec.rb:0.7411943399999927
spec/data_migrations/change_last_portal_visited_spec.rb:4.0939330799999425
spec/data_migrations/change_new_hire_rule_spec.rb:0.6033698490000461
spec/data_migrations/change_office_phone_number_spec.rb:1.4186442109999007
spec/data_migrations/change_person_phone_number_spec.rb:1.3929564200000186
spec/data_migrations/change_plan_year_effective_date_spec.rb:8.963106486000015
spec/data_migrations/change_username_spec.rb:8.39319892200001
spec/data_migrations/components/fix_employer_attestation_spec.rb:0.647197308999921
spec/data_migrations/correct_enrollment_status_spec.rb:6.234003078000114
spec/data_migrations/create_new_initial_plan_year_using_another_spec.rb:1.1744578979999005
spec/data_migrations/create_renewal_plan_year_and_enrollment_spec.rb:7.502733387000035
spec/data_migrations/deactivate_employer_staff_role_spec.rb:0.00035720599998967373
spec/data_migrations/delink_broker_agency_spec.rb:1.4808155359999091
spec/data_migrations/destroy_duplicate_family_spec.rb:0.24431440200010002
spec/data_migrations/extend_broker_application_spec.rb:0.8331651230000716
spec/data_migrations/fix_experian_verified_people_spec.rb:4.4693518120000135
spec/data_migrations/fix_hbx_enrollment_spec.rb:3.468194540000013
spec/data_migrations/general_agency_assignment_spec.rb:0.7432175580001967
spec/data_migrations/import_missing_person_contact_info_spec.rb:0.35865303300010964
spec/data_migrations/merge_ee_and_er_accounts_spec.rb:2.476203309000084
spec/data_migrations/move_domestic_partner_relation_to_immediate_family_spec.rb:1.2068141800000376
spec/data_migrations/move_email_between_two_people_spec.rb:0.22798065300003145
spec/data_migrations/permissions_spec.rb:305.181941928
spec/data_migrations/remove_coverage_household_for_inactive_family_member_spec.rb:0.5660658450001392
spec/data_migrations/remove_decertified_brokers_assignments_spec.rb:0.7259612589998596
spec/data_migrations/remove_enrolled_contingent_state_spec.rb:1.692188245999887
spec/data_migrations/remove_invalid_coverage_household_member_spec.rb:0.4685707739999998
spec/data_migrations/remove_person_ssn_spec.rb:0.048173127000154636
spec/data_migrations/remove_resident_role_spec.rb:13.299169462000009
spec/data_migrations/remove_user_record_spec.rb:2.0895812430001115
spec/data_migrations/reset_e_case_id_spec.rb:0.2426802630000111
spec/data_migrations/trigger_broker_invitation_url_spec.rb:0.4714762169999176
spec/data_migrations/trigger_dental_exit_notice_spec.rb:10.001723973000026
spec/data_migrations/triggering_auto_renewals_for_specific_employer_spec.rb:0.0009579150000718073
spec/data_migrations/triggering_auto_renewals_spec.rb:1.3601089299997966
spec/data_migrations/update_benefit_group_finalize_composite_rate_spec.rb:2.2777745810001306
spec/data_migrations/update_benefit_group_id_spec.rb:2.3955617589999747
spec/data_migrations/update_bga_for_identical_benefit_package_spec.rb:2.263689167999928
spec/data_migrations/update_broker_agency_profile_legal_name_spec.rb:0.3574371950001023
spec/data_migrations/update_carrier_appointments_spec.rb:0.002048131000037756
spec/data_migrations/update_carrier_name_spec.rb:0.30646612500004267
spec/data_migrations/update_dental_relationship_benefits_spec.rb:0.6140568680000342
spec/data_migrations/update_ee_dependent_ssn_spec.rb:1.0803444059999947
spec/data_migrations/update_employee_plan_selection_spec.rb:1.8255969540000478
spec/data_migrations/update_enrollment_review_status_spec.rb:0.754180683000186
spec/data_migrations/update_family_members_index_spec.rb:0.8852724609998859
spec/data_migrations/update_invalid_benefit_group_assignments_for_employer_spec.rb:0.7619829010000103
spec/data_migrations/update_list_bill_contribution_units_spec.rb:0.4265434380001807
spec/data_migrations/update_qle_tooltip_spec.rb:0.10474108100015656
spec/data_migrations/update_user_or_person_records_spec.rb:27.057685859999992
spec/data_migrations/updating_person_ssn_spec.rb:0.22898765500008267
spec/data_migrations/upload_notice_to_employer_account_spec.rb:0.29712088399992354
spec/helpers/config/site_helper_spec.rb:0.2809038390000751
spec/helpers/verification_helper_spec.rb:16.183757325000215
spec/interactors/find_or_create_insured_person_spec.rb:0.28155594899999414
spec/invoices/employer_invoice_spec.rb:5.384977660000004
spec/invoices/invoice_helper_spec.rb:0.005226979000099163
spec/lib/object_builders/product_builder_spec.rb:8.497640426000089
spec/lib/tasks/cancel_employer_renewal_spec.rb:10.207298218999995
spec/lib/tasks/hbx_reports/brokers_and_ga_staff_with_URL_from_admin_approval_spec.rb:7.455439793000096
spec/lib/tasks/hbx_reports/monthly_reports_sep_spec.rb:2.4631862660000934
spec/lib/tasks/hbx_reports/outstanding_monthly_enrollments_spec.rb:0.10261234900008276
spec/lib/tasks/migrations/disregard_termination_of_coverage_notice_ee_spec.rb:0.2865321229999154
spec/lib/tasks/migrations/disregard_termination_of_coverage_notice_er_spec.rb:0.3570743880000009
spec/lib/tasks/migrations/plans/import_provider_and_rx_formulary_url_spec.rb:0.6899813110001105
spec/lib/tasks/migrations/plans/load_sic_code_spec.rb:5.971707300999924
spec/lib/tasks/migrations/plans/plan_cross_walk_spec.rb:1.0354863229999864
spec/lib/tasks/nfp_spec.rb:5.983934684000133
spec/lib/tasks/notices/shop_employer_notice_for_all_inputs_spec.rb:0.002419236000150704
spec/lib/tasks/update_hbx_enrollment_spec.rb:3.7046901940000225
spec/mailers/user_mailer_spec.rb:0.3326829190000353
spec/models/aws/s3_storage_spec.rb:0.02658860199994706
spec/models/benefit_group_composite_rating_factors_spec.rb:0.2840204840001661
spec/models/benefit_group_spec.rb:63.99045265500013
spec/models/deep_child_failure_spec.rb:0.03705165900009888
spec/models/employee_role_integration_spec.rb:6.540197055000135
spec/models/employer_attestation_document_spec.rb:1.0478267060000235
spec/models/enrollment_period/special_enrollment_spec.rb:3.892594317000203
spec/models/enrollments/individual_market/open_enrollment_begin_spec.rb:24.566155849000097
spec/models/enrollments/replicator/reinstatement_spec.rb:36.16990274
spec/models/factories/ivl_plan_shopping_eligibility_factory_spec.rb:216.6153013080002
spec/models/factories/shop_enrollment_renewal_factory_spec.rb:2.5678962189999766
spec/models/family_member_spec.rb:7.726238796999951
spec/models/forms/broker_candidate_spec.rb:2.2302092270001594
spec/models/forms/bulk_actions_for_admin_spec.rb:0.6120252279997658
spec/models/forms/consumer_candidate_spec.rb:11.591629077000107
spec/models/forms/employment_relationship_spec.rb:0.0078071180000733875
spec/models/forms/people_names_spec.rb:0.00048620799998388975
spec/models/hbx_enrollment_member_spec.rb:5.800499457999649
spec/models/household_spec.rb:24.47163816900047
spec/models/importers/conversion_employee_create_spec.rb:0.005425782000202162
spec/models/importers/conversion_employee_policy_delete_spec.rb:0.04875933499988605
spec/models/importers/conversion_employee_set_spec.rb:0.14468648199999734
spec/models/importers/mhc/conversion_employer_plan_year_create_spec.rb:0.1768416659997456
spec/models/importers/transcripts/family_transcript_spec.rb:0.47551166900029784
spec/models/importers/transcripts/person_transcript_spec.rb:0.16832593800018003
spec/models/insured/factories/self_service_factory_spec.rb:34.25371674899998
spec/models/invitation_spec.rb:3.9696902509999745
spec/models/listeners/policy_query_listener_spec.rb:0.00461566900003163
spec/models/parsers/xml/cv/verified_family_parser_spec.rb:0.020854614000199945
spec/models/queries/shop_monthly/monthly_quiet_period_enrollments_query_spec.rb:68.53632680300007
spec/models/quote_household_spec.rb:1.6990315150001152
spec/models/quote_member_spec.rb:0.005443481999918731
spec/models/renewal_plan_mapping_spec.rb:0.05376821000027121
spec/models/rule_set/coverage_household/individual_market_verification_spec.rb:0.013976910999645042
spec/models/setting_spec.rb:0.015840238999771827
spec/models/special_enrollment_period_spec.rb:9.836816003999957
spec/models/sponsored_benefits/benefit_application_spec.rb:2.605034674000308
spec/models/subscribers/nfp_statement_history_spec.rb:2.3426091180003823
spec/models/subscribers/policy_terminations_subscriber_spec.rb:0.023464352999781113
spec/models/time_keeper_spec.rb:0.8770789230002265
spec/models/transcripts/person_transcript_spec.rb:0.034905426000023
spec/models/user_spec.rb:43.292866094000146
spec/models/verification_type_spec.rb:1.5088351469998997
spec/notices/ivl_notices/final_eligibility_notice_renewal_uqhp_spec.rb:28.008382555000026
spec/notices/ivl_notices/ivl_tax_notice_spec.rb:6.004183818999991
spec/notices/ivl_notices/ivl_to_coverall_transition_notice_builder_spec.rb:14.038479642999846
spec/notices/ivl_notices/ivl_vta_notice_spec.rb:8.12100633099999
spec/notices/ivl_notices/reminder_notice_spec.rb:14.963927993000198
spec/notices/ivl_notices/second_ivl_renewal_notice_spec.rb:25.878763742000046
spec/notices/shop_employee_notices/employee_eligibility_notice_spec.rb:6.0373754180000105
spec/notices/shop_employee_notices/employee_terminating_coverage_confirmation_spec.rb:8.374697655000091
spec/notices/shop_employee_notices/notify_employee_due_to_renewal_employer_ineligibility_spec.rb:3.3860682479999014
spec/notices/shop_employer_notices/ee_mid_year_plan_change_notice_spec.rb:5.999205942000117
spec/notices/shop_employer_notices/employer_account_creation_notice_spec.rb:1.6770292820001487
spec/notices/shop_employer_notices/employer_invoice_available_spec.rb:2.8414064360003977
spec/notices/shop_employer_notices/low_enrollment_notice_spec.rb:3.957057155000257
spec/notices/shop_employer_notices/renewal_employer_open_enrollment_completed_spec.rb:4.254458838999653
spec/policies/person_policy_spec.rb:8.81768953100027
spec/reports/hbx_reports/generate_2017_ehb_report_spec.rb:0.1421963429997959
spec/reports/hbx_reports/ivl_enrollment_report_spec.rb:0.06494577900002696
spec/script/qle_new_hire_report_spec.rb:0.4891010730002563
spec/script/shop_sep_query_spec.rb:9.976665003000107
spec/script/update_broker_employer_relationship_spec.rb:0.0018694279997362173
spec/views/broker_agencies/profiles/_general_agencies.html.erb_spec.rb:2.921493542999997
spec/views/broker_agencies/profiles/_staff_table.html.erb_spec.rb:0.4345868509999491
spec/views/employers/broker_agency/_active_broker_modal.html.erb_spec.rb:0.6918168289998903
spec/views/employers/employer_profiles/_employer_broker_widget.html.erb_spec.rb:0.4477076489997671
spec/views/employers/employer_profiles/_enrollment_report_widget.html.erb_spec.rb:0.18722732300011558
spec/views/employers/employer_profiles/_show_profile.html.erb_spec.rb:7.971979381999972
spec/views/employers/plan_years/plan_options.html.erb_spec.rb:0.2691770579999684
spec/views/events/hbx_enrollment/_policy.xml.haml_spec.rb:2.10678426100003
spec/views/events/hbx_enrollment/affected_member.xml.haml_spec.rb:0.8347746839999672
spec/views/events/identity_verification/interactive_verification_override.xml.haml_spec.rb:0.15110697799991613
spec/views/events/v2/employers/_benefit_group.xml.haml_spec.rb:7.849893240000256
spec/views/events/v2/employers/updated.xml.haml_spec.rb:40.48522933199956
spec/views/events/v2/organizations/_office_locations.haml_spec.rb:0.14318445799972324
spec/views/exchanges/agents/home.html.erb_spec.rb:3.7389803659998506
spec/views/exchanges/announcements/_list.html.erb_spec.rb:2.1348621839997577
spec/views/exchanges/announcements/_new_form.html.erb_spec.rb:3.1534789399997862
spec/views/exchanges/hbx_profiles/_create_benefit_application.html.erb_spec.rb:0.3649790019999273
spec/views/exchanges/hbx_profiles/_edit_force_publish.html.erb_spec.rb:1.1466598860001795
spec/views/insured/consumer_roles/search.html.haml_spec.rb:4.256234965000203
spec/views/insured/employee_roles/privacy.html.erb_spec.rb:0.1703069680002045
spec/views/insured/families/_consumer_brokers_widget.erb_spec.rb:1.7881935579998753
spec/views/insured/families/_employers_selection.html.erb_spec.rb:0.35393463499985955
spec/views/insured/families/_enrollment_progress.html.erb_spec.rb:0.11711696499969548
spec/views/insured/families/_help_me_sign_up_widget.html.erb_spec.rb:0.134274724000079
spec/views/insured/families/_inbox.html.erb_spec.rb:0.16692711599989707
spec/views/insured/families/_navigation.html.erb_spec.rb:21.650956895000036
spec/views/insured/families/_qles_panel.html.erb_spec.rb:0.746665455999846
spec/views/insured/families/home.html.erb_spec.rb:9.467516624999917
spec/views/insured/family_members/destroyed.js.erb_spec.rb:1.1299852339998324
spec/views/insured/group_selection/_enrollment.html.erb_spec.rb:5.248179718000301
spec/views/insured/group_selection/terminate_confirmation.html.erb_spec.rb:5.013104173999636
spec/views/insured/interactive_identity_verifications/service_unavailable.html.haml_spec.rb:2.247358879999865
spec/views/insured/plan_shoppings/receipt.html.erb_spec.rb:2.573898802000258
spec/views/notices/ivl/ivl_vta_notice.html.erb_spec.rb:1.4099404549997416
spec/views/shared/_alph_paginate_remote.html.erb_spec.rb:0.13258669899960296
spec/views/shared/_search.html.erb_spec.rb:0.3579750970002351
spec/views/shared/home_address_fields.html.erb_spec.rb:0.2669034229998033
spec/views/shared/sep_shop_for_plans_progress.html.erb_spec.rb:0.9756871090003187
spec/views/shared/shared/custom_dental_offered_plans_modal.html.erb_spec.rb:0.5526871319998463
spec/views/shared/update_browser_warning.html.erb_spec.rb:3.295037273000162
spec/views/ui-components/v1/layouts/_header.slim_spec.rb:0.5781151159999354
spec/concerns/sic_concern_spec.rb:0.03584241800001564
spec/controllers/api/v1/slcsp_controller_spec.rb:0.28249806900009844
spec/controllers/broker_agencies/inboxes_controller_spec.rb:7.45531946299991
spec/controllers/broker_agencies/quotes_controller_spec.rb:63.42872253400003
spec/controllers/concerns/aptc_spec.rb:0.005977400000006128
spec/controllers/employers/employer_profiles_controller_spec.rb:12.583218189000036
spec/controllers/employers/premium_statements_controller_spec.rb:0.7921210729999757
spec/controllers/exchanges/agents_controller_spec.rb:201.71840955200003
spec/controllers/exchanges/broker_applicants_controller_spec.rb:6.388708259000055
spec/controllers/exchanges/inboxes_controller_spec.rb:1.2101018719999956
spec/controllers/exchanges/issuers_controller_spec.rb:0.6708621720000565
spec/controllers/exchanges/security_questions_controller_spec.rb:11.518173926000031
spec/controllers/general_agencies/profiles_controller_spec.rb:304.5182246989999
spec/controllers/insured/employee_roles_controller_spec.rb:21.506181890000107
spec/controllers/insured/inboxes_controller_spec.rb:1.2498308690001068
spec/controllers/insured/resident_roles_controller_spec.rb:30.746643652999865
spec/controllers/invitations_controller_spec.rb:5.158967092000012
spec/controllers/welcome_controller_spec.rb:3.1160252610000043
spec/data_migrations/activate_benefit_group_assignment_spec.rb:1.9819739849999678
spec/data_migrations/add_primary_family_spec.rb:0.2532350569999835
spec/data_migrations/adding_employee_role_spec.rb:43.799209075000135
spec/data_migrations/assign_attested_residency_state_spec.rb:7.277953246999914
spec/data_migrations/build_shop_enrollment_spec.rb:0.0016853260001425951
spec/data_migrations/cancel_enrollment_spec.rb:0.42441125100003774
spec/data_migrations/cancel_policy_spec.rb:0.3976357440001266
spec/data_migrations/change_aasm_state_dot_census_employee_spec.rb:0.7472473580000951
spec/data_migrations/change_ce_date_of_termination_spec.rb:0.4104855390000921
spec/data_migrations/change_email_address_spec.rb:0.3331003629998577
spec/data_migrations/change_email_of_user_spec.rb:3.8183836359999077
spec/data_migrations/change_er_to_applicant_state_spec.rb:1.764593818000094
spec/data_migrations/change_incorrect_bookmark_url_in_consumer_role_spec.rb:7.888440867999861
spec/data_migrations/change_state_for_passive_enrollment_spec.rb:3.9314574299999094
spec/data_migrations/components/fix_benefit_sponsorship_state_spec.rb:2.3590567369999462
spec/data_migrations/create_broker_agency_account_for_employer_spec.rb:0.5467255050000404
spec/data_migrations/deactivate_consumer_role_spec.rb:0.3056636430001163
spec/data_migrations/delete_dental_enrollments_spec.rb:0.9581596539999282
spec/data_migrations/delete_single_invoice_with_fein_spec.rb:0.8807741779999105
spec/data_migrations/delink_user_and_person_spec.rb:4.074070678999988
spec/data_migrations/destroy_self_relationship_kind_spec.rb:0.2821334850000312
spec/data_migrations/ee_without_employee_role_spec.rb:0.9456831630000124
spec/data_migrations/expire_old_contingent_enrollments_spec.rb:1.8764743979998002
spec/data_migrations/fix_is_subscriber_for_responsible_party_enrollments_spec.rb:0.7167250840000179
spec/data_migrations/fix_plan_year_spec.rb:3.5199087500000132
spec/data_migrations/fix_plan_years_to_obey_minimum_open_enrollment_period_spec.rb:0.30449902300006215
spec/data_migrations/migrate_verification_types_spec.rb:4.863544045000026
spec/data_migrations/move_due_date_to_verification_type_level_spec.rb:2.9117168039999797
spec/data_migrations/move_phone_between_person_accounts_spec.rb:0.837160509000114
spec/data_migrations/populate_conversion_flag_spec.rb:0.9249986419999914
spec/data_migrations/populate_employee_role_on_enrollments_spec.rb:0.0003467050000836025
spec/data_migrations/products/mapping_to_correct_hios_id_spec.rb:2.488243771000043
spec/data_migrations/remove_ce_from_roster_spec.rb:0.2397362389999671
spec/data_migrations/remove_congress_census_employee_spec.rb:0.0003232050000860909
spec/data_migrations/remove_coverage_household_member_spec.rb:1.0642522549999285
spec/data_migrations/remove_duplicate_broker_agency_accounts_spec.rb:0.574909026000114
spec/data_migrations/remove_hbx_id_spec.rb:0.10727142799987632
spec/data_migrations/remove_invalid_address_for_person_spec.rb:0.6465483130000393
spec/data_migrations/remove_invalid_broker_agency_accounts_for_employer_spec.rb:2.8591158940000696
spec/data_migrations/remove_invalid_person_relationship_spec.rb:0.1969195890001174
spec/data_migrations/remove_one_ce_from_er_spec.rb:0.9704558290000023
spec/data_migrations/remove_organization_spec.rb:0.21525046700003259
spec/data_migrations/reset_due_dates_for_outstanding_consumers_spec.rb:9.849297759000137
spec/data_migrations/revert_termination_for_employee_spec.rb:8.179905498999915
spec/data_migrations/terminate_census_employee_with_no_hbx_enrollment_spec.rb:0.328560484000036
spec/data_migrations/update_broker_agency_profile_id_spec.rb:2.8014701949998653
spec/data_migrations/update_carefirst_shop_health_plan_deductible_spec.rb:0.1682646520000617
spec/data_migrations/update_hbx_id_spec.rb:0.6163757489998716
spec/data_migrations/update_ivl_open_enrollment_dates_spec.rb:9.320573859999968
spec/data_migrations/update_predecessor_id_on_bp_spec.rb:12.031843234999997
spec/data_migrations/update_product_on_fehb_enrollment_spec.rb:1.914139619000025
spec/data_migrations/update_subject_for_messages_spec.rb:0.20806935499990686
spec/data_migrations/update_verification_types_spec.rb:2.9495569140001408
spec/data_migrations/updating_broker_agency_account_or_profile_spec.rb:3.7651089729999967
spec/data_migrations/updating_person_phone_number_spec.rb:0.20232456700000512
spec/helpers/application_helper_spec.rb:63.40241673299988
spec/helpers/broker_agencies/profiles_helper_spec.rb:20.56069542599994
spec/helpers/employers/premium_statement_helper_spec.rb:1.812900437000053
spec/helpers/insured/families_helper_spec.rb:14.833591367000054
spec/helpers/insured/group_selection_helper_spec.rb:50.36438338800008
spec/helpers/insured/plan_filter_helper_spec.rb:0.02252624100015055
spec/helpers/portal_header_helper_spec.rb:2.4752228270001524
spec/helpers/time_helper_spec.rb:17.063855084999886
spec/interactors/handle_coverage_selected_spec.rb:0.03548313600003894
spec/lib/notify_spec.rb:0.5973946310000429
spec/lib/object_builders/broker_role_builder_spec.rb:0.07746217099997921
spec/lib/set_current_user_spec.rb:12.193297316000098
spec/lib/tasks/cancel_benefit_application_spec.rb:3.959494247000066
spec/lib/tasks/hbx_reports/shop_monthly_enrollments_spec.rb:0.09493093400010366
spec/lib/tasks/iam_black_list/black_list_spec.rb:0.644054634999975
spec/lib/tasks/migrations/plans/load_dental_pricing_and_contribution_models_spec.rb:0.07568614399997386
spec/lib/tasks/migrations/plans/load_rating_areas_spec.rb:0.8031012389999432
spec/lib/tasks/nfp_broker_commissions_spec.rb:2.03223921599988
spec/lib/tasks/terminate_benefit_application_spec.rb:13.557388492999962
spec/lib/tasks/update_super_group_ids_spec.rb:1.7911054670000794
spec/mailers/broker_registration_guide_spec.rb:0.3173963960000492
spec/models/access_policies/general_agency_profile_spec.rb:30.41598517300008
spec/models/announcement_spec.rb:2.0887571549999393
spec/models/application_event_mapper_spec.rb:0.014435618000106842
spec/models/benefit_package_spec.rb:1.1623186589999932
spec/models/carrier_profile_spec.rb:1.5265927620000639
spec/models/census_employee_import_spec.rb:12.909340810999993
spec/models/census_employee_spec.rb:295.731301047
spec/models/census_member_spec.rb:1.3595095069999843
spec/models/composite_rating_list_bill_precalculator_spec.rb:0.012236183999903005
spec/models/composite_tier_contribution_spec.rb:0.1737129199998435
spec/models/concerns/config/aca_model_concern_spec.rb:0.001288519000127053
spec/models/coverage_household_spec.rb:0.022122832999912134
spec/models/curam_user_spec.rb:0.07025375900002473
spec/models/employer_group_size_rating_factor_set_spec.rb:0.6359782919998906
spec/models/employer_staff_role_spec.rb:0.6222533870000007
spec/models/enrollment_shopping/enrollment_builder_spec.rb:39.692433404999974
spec/models/factories/enrollment_factory_spec.rb:15.769420245999981
spec/models/fedhub_result_propagation_spec.rb:5.47027270500007
spec/models/financial_statement_spec.rb:0.0008558130000437814
spec/models/forms/broker_agency_profile_spec.rb:6.364103184000214
spec/models/forms/employer_candidate_spec.rb:0.12002090999999382
spec/models/forms/general_agency_profile_spec.rb:3.8472376249999343
spec/models/forms/organization_signup_spec.rb:1.5747348499999134
spec/models/forms/person_signup_spec.rb:0.6031613969998944
spec/models/general_agency_broker_group_spec.rb:0.4967796930000077
spec/models/group_selection_prevarication_adapter_spec.rb:6.8511858279998705
spec/models/hbx_enrollment_spec.rb:210.16209294499913
spec/models/identity_verification/interactive_verification_response_spec.rb:0.22366357300006712
spec/models/importers/conversion_employee_delete_spec.rb:0.0006059089996597322
spec/models/importers/conversion_employer_plan_year_set_spec.rb:4.493137646999912
spec/models/importers/conversion_employer_update_spec.rb:1.1601528930000313
spec/models/importers/mhc/conversion_employer_create_spec.rb:0.7577156249999462
spec/models/importers/transcripts/enrollment_transcript_spec.rb:4.083310566999899
spec/models/insured_eligible_for_benefit_rule_spec.rb:44.754120478999994
spec/models/one_login/ruby_saml/saml_generator_spec.rb:8.626363760999993
spec/models/organization_spec.rb:15.215372102999936
spec/models/payment_transaction_spec.rb:3.986655907000113
spec/models/person_spec.rb:61.8955410829999
spec/models/phone_spec.rb:1.171731465999983
spec/models/plan_cost_decorator_congress_spec.rb:4.406896641000003
spec/models/plan_selection_spec.rb:9.490366280999751
spec/models/products/qhp_spec.rb:0.260680930000035
spec/models/queries/employer_plan_offerings_spec.rb:0.002053331000297476
spec/models/rating_area_spec.rb:0.7138888629997382
spec/models/saml_information_spec.rb:0.003888859000198863
spec/models/services/available_eligibility_service_spec.rb:0.17521254099983707
spec/models/services/ivl_enrollment_renewal_service_spec.rb:18.318704379999872
spec/models/services/ivl_enrollment_service_spec.rb:3.3994462519999615
spec/models/special_verification_spec.rb:0.014065611999740213
spec/models/sponsored_benefits/plan_design_proposals_controller_spec.rb:5.751113804999932
spec/models/subscribers/date_change_spec.rb:0.009561344000303507
spec/models/subscribers/shop_binder_enrollments_transmission_authorized_spec.rb:0.006018890000632382
spec/models/tax_household_member_spec.rb:0.644133611000143
spec/notices/general_agency_notices/general_agency_terminated_notice_spec.rb:6.816984175000016
spec/notices/ivl_notices/enrollment_notice_builder_with_date_range_spec.rb:59.90885338899989
spec/notices/ivl_notices/final_catastrophic_plan_notice_spec.rb:7.286060644000372
spec/notices/ivl_notices/final_eligibility_notice_uqhp_spec.rb:18.988764272000026
spec/notices/shop_broker_notices/broker_agency_hired_notice_spec.rb:10.794198031000178
spec/notices/shop_employee_notices/notify_renewal_employees_dental_carriers_exiting_shop_spec.rb:7.462332099999912
spec/notices/shop_employer_notices/employer_renewal_notice_spec.rb:3.157783906000077
spec/notices/shop_employer_notices/group_advance_termination_confirmation_spec.rb:2.0086862830003156
spec/notices/shop_employer_notices/initial_employer_denial_notice_spec.rb:2.1153441910000765
spec/notices/shop_employer_notices/initial_employer_eligibility_notice_spec.rb:5.271053965000192
spec/notices/shop_employer_notices/initial_employer_open_enrollment_completed_spec.rb:1.7436149860000114
spec/notices/shop_employer_notices/zero_employees_on_roster_spec.rb:1.3448420739996436
spec/policies/broker_agency_profile_policy_spec.rb:11.017317993000233
spec/policies/census_employee_policy_spec.rb:57.33246871900019
spec/policies/user_policy_spec.rb:0.005764187000295351
spec/reports/outstanding_types_report_spec.rb:0.004073061999861238
spec/views/broker_agencies/broker_roles/_existing_broker_agency_form.html.erb_spec.rb:1.0693140200000926
spec/views/broker_agencies/broker_roles/_search_broker_agency.html.erb_spec.rb:0.39394583900002544
spec/views/broker_agencies/profiles/_assign_history.html.erb_spec.rb:0.6479729679999764
spec/views/broker_agencies/profiles/_broker_help.html.erb_spec.rb:1.1445387539997682
spec/views/broker_agencies/profiles/_employers.html.erb_spec.rb:0.6555094830000598
spec/views/employers/census_employees/new.html.erb_spec.rb:5.296936353999627
spec/views/employers/employer_profiles/_menu.html.erb_spec.rb:0.15979090900009396
spec/views/employers/employer_profiles/my_account/_census_employees.html.erb_spec.rb:1.8053669169999012
spec/views/employers/employer_profiles/my_account/_families.html.erb_spec.rb:0.3030339679999088
spec/views/employers/employer_profiles/my_account/home_tab.html.erb_spec.rb:1.5090830500002994
spec/views/employers/plan_years/_delete_benefit_package_modal.html.erb_spec.rb:0.25581585600002654
spec/views/employers/plan_years/plan_details/plan_details.html.erb_spec.rb:0.4551581620003162
spec/views/events/employers/updated.xml.haml_spec.rb:4.719072441999742
spec/views/events/hbx_enrollment/policy.xml.haml_spec.rb:4.648563279000427
spec/views/events/identity_verification/interactive_questions_response.xml.haml_spec.rb:0.14334366099956242
spec/views/events/v2/addresses/_address.xml.haml_spec.rb:0.11854268699971726
spec/views/exchanges/scheduled_events/edit.html.erb_spec.rb:1.3243865660001575
spec/views/insured/consumer_roles/_form.html.erb_spec.rb:10.798550791999787
spec/views/insured/consumer_roles/immigration_document_options.js.erb_spec.rb:0.6813484710000921
spec/views/insured/employee_roles/no_match.html.haml_spec.rb:0.9948507970002538
spec/views/insured/families/_families_table_for_hbx_staff.html.erb_spec.rb:6.5409838079999645
spec/views/insured/families/_terminate_confirmation.html.erb_spec.rb:0.16955255600032615
spec/views/insured/families/check_qle_date.js.erb_spec.rb:0.6257567339998786
spec/views/insured/families/inbox.html.erb_spec.rb:18.38692528899992
spec/views/insured/family_members/_dependent.html.erb_spec.rb:2.2461127609999494
spec/views/insured/group_selection/new.html.erb_spec.rb:40.42878987500035
spec/views/insured/plan_shoppings/_coverage_information.html.erb_spec.rb:0.3537708329999987
spec/views/insured/plan_shoppings/_individual_agreement.html.erb_spec.rb:0.12239944500015554
spec/views/insured/plan_shoppings/_waive_confirmation.html.erb_spec.rb:0.2563231640001504
spec/views/notices/ivl/ivl_tax_notice.html.erb_spec.rb:2.4559203240000897
spec/views/shared/_carrier_contact_information.html.erb_spec.rb:0.5140992499996173
spec/views/shared/_comparison.html.erb_spec.rb:11.242358581999724
spec/views/shared/_email_fields.html.erb_spec.rb:0.009963949999928445
spec/views/shared/_tab_panel.html.erb_spec.rb:0.1167800600001101
spec/views/shared/modals/read_only_modal.html.erb_spec.rb:0.11258879700017133
spec/views/shared/person/_personal_information.html.erb_spec.rb:0.016973055000107706
spec/views/shared/plan_shoppings/_more_plan_details.html.erb_spec.rb:0.7889161929997499
spec/views/shared/plan_shoppings/_sbc_link.html.erb_spec.rb:0.006583999000213225
spec/views/ui-components/v1/cards/_summary.html.slim_spec.rb:2.811192979000225
spec/views/welcome/index.html.slim_spec.rb:23.75393599500012
