spec/components/benefit_sponsors_spec.rb:1658.7567760020029
spec/models/census_employee_spec.rb:474.42724400013685
spec/controllers/general_agencies/profiles_controller_spec.rb:174.412032000022
spec/views/general_agencies/_index.html.erb_spec.rb:143.3245749999769
spec/test_data/verified_family_payloads/core_scenarios/core_scenarios_spec.rb:135.96252700011246
spec/models/hbx_enrollment_spec.rb:130.9603850003332
spec/components/sponsored_benefits_spec.rb:123.64857100090012
spec/controllers/insured/families_controller_spec.rb:117.26192699978128
spec/controllers/insured/plan_shoppings_controller_spec.rb:107.45108999987133
spec/views/general_agencies/edit.html.erb_spec.rb:76.0964699999895
spec/controllers/employers/census_employees_controller_spec.rb:73.10439800005406
spec/models/queries/shop_monthly/monthly_quiet_period_enrollments_query_spec.rb:72.49823099980131
spec/controllers/broker_agencies/profiles_controller_spec.rb:72.09689500019886
spec/models/enrollment_shopping/enrollment_builder_spec.rb:70.29699100018479
spec/data_migrations/permissions_spec.rb:69.85786599991843
spec/models/family_spec.rb:67.24434800050221
spec/controllers/insured/group_selection_controller_spec.rb:62.67522700014524
spec/views/insured/group_selection/new.html.erb_spec.rb:53.31617200002074
spec/views/general_agencies/_show.html.erb_spec.rb:51.66864600009285
spec/controllers/exchanges/hbx_profiles_controller_spec.rb:50.31233300012536
spec/controllers/insured/consumer_roles_controller_spec.rb:48.563227999955416
spec/views/general_agencies/_staffs.html.erb_spec.rb:48.12812400003895
spec/views/shared/_comparison.html.erb_spec.rb:45.33870099997148
spec/helpers/events_helper_spec.rb:40.01384700019844
spec/views/employers/census_employees/show.html.erb_spec.rb:37.0891319999937
spec/views/events/v2/employers/updated.xml.haml_spec.rb:35.55436099995859
spec/notices/shop_employee_notices/ee_sep_request_accepted_notice_spec.rb:35.48188899992965
spec/models/employee_role_spec.rb:34.99357599997893
spec/notices/shop_employee_notices/ee_plan_selection_confirmation_sep_new_hire_spec.rb:34.30990700004622
spec/policies/hbx_profile_policy_spec.rb:34.27137299999595
spec/helpers/time_helper_spec.rb:32.81289300019853
spec/script/shop_sep_query_spec.rb:32.570036000106484
spec/notices/shop_employee_notices/employee_termination_notice_spec.rb:30.753358999965712
spec/views/welcome/index.html.slim_spec.rb:30.6989859999157
spec/models/person_spec.rb:28.56355999992229
spec/notices/shop_employee_notices/employee_terminating_coverage_confirmation_spec.rb:28.359016000060365
spec/controllers/broker_agencies/quotes_controller_spec.rb:26.021273999940604
spec/policies/census_employee_policy_spec.rb:25.116332999896258
spec/data_migrations/update_benefit_sponsorship_states_spec.rb:24.67352299997583
spec/models/consumer_role_spec.rb:23.768696000101045
spec/notices/ivl_notices/enrollment_notice_builder_spec.rb:23.721771999960765
spec/controllers/insured/family_members_controller_spec.rb:23.539307000115514
spec/controllers/general_agencies/inboxes_controller_spec.rb:23.51058300002478
spec/controllers/exchanges/announcements_controller_spec.rb:23.167717000003904
spec/notices/ivl_notices/enrollment_notice_builder_with_date_range_spec.rb:22.31048300000839
spec/models/user_spec.rb:22.23034600005485
spec/controllers/exchanges/employer_applications_controller_spec.rb:20.981656999792904
spec/notices/shop_employee_notices/termination_of_employers_health_coverage_spec.rb:20.07087799999863
spec/controllers/documents_controller_spec.rb:19.214093000162393
spec/helpers/application_helper_spec.rb:18.405494999838993
spec/views/employers/employer_profiles/my_account/employees_by_status.html.erb_spec.rb:18.09349300013855
spec/views/exchanges/employer_applications/_index.html.erb_spec.rb:17.76073500001803
spec/helpers/employers/employer_helper_spec.rb:17.39052699995227
spec/lib/tasks/terminate_benefit_application_spec.rb:17.296520999865606
spec/helpers/insured/group_selection_helper_spec.rb:17.16383900004439
spec/notices/shop_employee_notices/employee_open_enrollment_reminder_notice_spec.rb:17.149715000065044
spec/data_migrations/adding_employee_role_spec.rb:16.868256999878213
spec/models/benefit_group_spec.rb:16.63234299980104
spec/views/insured/group_selection/_enrollment.html.erb_spec.rb:16.52584599982947
spec/models/subscribers/family_application_completed_spec.rb:16.456814999924973
spec/views/insured/families/_navigation.html.erb_spec.rb:15.993036999832839
spec/views/insured/family_members/_dependent_form.html.erb_spec.rb:15.91763100004755
spec/controllers/products/qhp_controller_spec.rb:15.768886000150815
spec/views/insured/families/inbox.html.erb_spec.rb:15.313732999842614
spec/components/benefit_markets_spec.rb:14.966371999587864
spec/models/factories/enrollment_factory_spec.rb:13.71657000016421
spec/views/employers/census_employees/new.html.erb_spec.rb:13.508160999976099
spec/models/insured_eligible_for_benefit_rule_spec.rb:13.210147000150755
spec/notices/ivl_notices/second_ivl_renewal_notice_spec.rb:13.144079999998212
spec/notices/shop_employee_notices/open_enrollment_notice_for_auto_renewal_spec.rb:13.09225400001742
spec/notices/shop_general_agency_notices/general_agency_hired_notice_spec.rb:13.06023699999787
spec/views/insured/families/_waived_coverage_widget.erb_spec.rb:12.959210000000894
spec/controllers/insured/employee_roles_controller_spec.rb:12.752121000085026
spec/notices/shop_employee_notices/sep_request_denial_notice_spec.rb:12.613462999928743
spec/models/access_policies/employer_profile_spec.rb:12.568040000041947
spec/notices/shop_employee_notices/open_enrollment_notice_for_unenrolled_spec.rb:12.560253000119701
spec/views/insured/consumer_roles/edit.html.erb_spec.rb:12.376639999914914
spec/notices/shop_employee_notices/notify_employee_due_to_renewal_employer_ineligibility_spec.rb:12.274851000169292
spec/notices/shop_employee_notices/open_enrollment_notice_for_no_renewal_spec.rb:12.271924000000581
spec/notices/shop_employee_notices/notify_employee_of_initial_employer_ineligibility_spec.rb:12.167485000099987
spec/notices/ivl_notices/ivl_renewal_notice_spec.rb:11.695738999871537
spec/views/insured/families/personal.html.erb_spec.rb:11.467352999839932
spec/models/benefit_group_assignment_spec.rb:11.193839999847114
spec/notices/ivl_notices/ivl_backlog_verification_notice_uqhp_spec.rb:11.08799699996598
spec/views/insured/consumer_roles/_form.html.erb_spec.rb:11.081493999809027
spec/controllers/application_controller_spec.rb:11.078261000104249
spec/models/access_policies/general_agency_profile_spec.rb:10.427319999784231
spec/models/group_selection_prevarication_adapter_spec.rb:10.194419000064954
spec/models/factories/family_enrollment_clone_factory_spec.rb:10.19110000017099
spec/notices/shop_employer_notices/employee_terminating_coverage_spec.rb:10.160455000121146
spec/data_migrations/update_user_or_person_records_spec.rb:9.981232000049204
spec/lib/tasks/migrations/plans/load_rating_factors_spec.rb:9.709480999968946
spec/notices/ivl_notices/coverall_to_ivl_transition_notice_builder_spec.rb:9.518681999994442
spec/notices/shop_employee_notices/employee_eligibility_notice_spec.rb:9.459656999912113
spec/controllers/broker_agencies/broker_roles_controller_spec.rb:9.30574500001967
spec/notices/ivl_notices/final_eligibility_notice_aqhp_spec.rb:9.278239000122994
spec/notices/shop_broker_notices/broker_fired_notice_spec.rb:9.274717000080273
spec/models/employee_role_integration_spec.rb:9.214747000019997
spec/views/hbx_admin/_edit_aptc_csr_spec.rb:9.124769999878481
spec/controllers/exchanges/security_questions_controller_spec.rb:9.093130999943241
spec/views/employers/employer_profiles/_show_profile.html.erb_spec.rb:8.93508500000462
spec/views/insured/families/_shop_for_plans_widget.html.erb_spec.rb:8.859910999890417
spec/views/employers/employer_profiles/_primary_nav.html.erb_spec.rb:8.798254999797791
spec/notices/ivl_notices/final_eligibility_notice_uqhp_spec.rb:8.743595000123605
spec/views/broker_agencies/profiles/_assign.html.erb_spec.rb:8.608499000081792
spec/models/access_policies/employee_role_spec.rb:8.526098999893293
spec/notices/general_agency_notices/general_agency_terminated_notice_spec.rb:8.255787000060081
spec/notices/ivl_notices/final_eligibility_notice_renewal_aqhp_spec.rb:7.922552000032738
spec/views/insured/families/home.html.erb_spec.rb:7.79477100004442
spec/notices/ivl_notices/reminder_notice_spec.rb:7.474177999887615
spec/data_migrations/add_and_remove_enrollment_member_spec.rb:7.364963999949396
spec/policies/broker_agency_profile_policy_spec.rb:7.3354899999685585
spec/notices/ivl_notices/ivl_to_coverall_transition_notice_builder_spec.rb:7.329503000015393
spec/controllers/insured/resident_roles_controller_spec.rb:7.286617000121623
spec/notices/shop_employer_notices/ee_mid_year_plan_change_notice_spec.rb:7.186685999855399
spec/controllers/exchanges/agents_controller_spec.rb:7.171919000102207
spec/notices/shop_employer_notices/renewal_employer_open_enrollment_completed_spec.rb:7.168021999998018
spec/models/benefit_sponsorship_spec.rb:7.0942359999753535
spec/data_migrations/create_renewal_plan_year_and_enrollment_spec.rb:7.0802510001230985
spec/models/services/checkbook_services/plan_comparison_spec.rb:7.0640809999313205
spec/notices/ivl_notices/final_eligibility_notice_renewal_uqhp_spec.rb:6.908382999943569
spec/notices/shop_broker_notices/broker_hired_notice_spec.rb:6.7673029999714345
spec/models/benefit_coverage_period_spec.rb:6.729182000039145
spec/notices/shop_employer_notices/employer_invoice_available_spec.rb:6.660736999940127
spec/policies/person_policy_spec.rb:6.623299000086263
spec/notices/shop_broker_notices/broker_agency_hired_notice_spec.rb:6.590997999999672
spec/views/shared/portal_title_spec.rb:6.518546000123024
spec/controllers/users/security_question_responses_controller_spec.rb:6.462784999981523
spec/notices/shop_employer_notices/low_enrollment_notice_spec.rb:6.25111799989827
spec/notices/shop_employee_notices/notify_renewal_employees_dental_carriers_exiting_shop_spec.rb:6.217960000038147
spec/models/employer_profile_account_spec.rb:6.18196600000374
spec/views/events/employers/updated.xml.haml_spec.rb:6.057052999967709
spec/models/household_spec.rb:5.713599999900907
spec/views/exchanges/announcements/index.html.erb_spec.rb:5.702917000046
spec/reports/hbx_reports/edi_enrollment_termination_report_spec.rb:5.693324000108987
spec/notices/shop_employer_notices/initial_employer_ineligibility_notice_spec.rb:5.571002000011504
spec/controllers/saml_controller_spec.rb:5.5708850000519305
spec/data_migrations/update_employee_role_id_spec.rb:5.450567999854684
spec/policies/employer_profile_policy_spec.rb:5.418488000053912
spec/data_migrations/components/fix_benefit_sponsorship_state_spec.rb:5.297806000104174
spec/views/insured/employee_roles/match.html.haml_spec.rb:5.269700999837369
spec/lib/tasks/migrations/plans/load_benefit_market_catalogs_spec.rb:5.234885999932885
spec/policies/family_policy_spec.rb:5.194083000300452
spec/data_migrations/products/mapping_to_correct_hios_id_spec.rb:5.1230069999583066
spec/notices/shop_employer_notices/initial_employer_first_invoice_available_spec.rb:5.106696999864653
spec/controllers/users_controller_spec.rb:5.0854980000294745
spec/views/broker_agencies/profiles/_menu.html.erb_spec.rb:5.0098359999246895
spec/views/insured/families/_families_table_for_hbx_staff.html.erb_spec.rb:4.9666800000704825
spec/data_migrations/update_predecessor_id_on_bp_spec.rb:4.929219999816269
spec/data_migrations/update_conversion_flag_spec.rb:4.926136999856681
spec/models/hbx_enrollment_mongoid_issues_spec.rb:4.902443999890238
spec/models/organization_spec.rb:4.759604000020772
spec/views/insured/families/find_sep.html.erb_spec.rb:4.6730199998710304
spec/models/plan_spec.rb:4.6483899999875575
spec/notices/shop_employer_notices/renewal_employer_eligibility_notice_spec.rb:4.613305000122637
spec/notices/ivl_notices/final_catastrophic_plan_notice_spec.rb:4.587038999889046
spec/notices/shop_employer_notices/employer_account_creation_notice_spec.rb:4.494274999946356
spec/data_migrations/components/fix_organization_spec.rb:4.442684999899939
spec/helpers/broker_agencies/profiles_helper_spec.rb:4.441702000098303
spec/views/exchanges/agents/home.html.erb_spec.rb:4.418868000153452
spec/views/insured/interactive_identity_verifications/failed_validation.html.haml_spec.rb:4.40281999995932
spec/models/census_employee_import_spec.rb:4.39546599984169
spec/lib/set_current_user_spec.rb:4.380152000114322
spec/views/insured/plan_shoppings/plan_filters.html.erb_spec.rb:4.372596000088379
spec/models/factories/employer_enroll_factory_spec.rb:4.350693000014871
spec/notices/shop_employer_notices/group_advance_termination_confirmation_spec.rb:4.317824000027031
spec/views/employers/employer_profiles/my_account/_census_employees.html.erb_spec.rb:4.258206999860704
spec/controllers/employers/employer_attestations_controller_spec.rb:4.201232000021264
spec/models/forms/consumer_candidate_spec.rb:4.179221000056714
spec/views/insured/family_members/index.html.erb_spec.rb:4.126270999899134
spec/helpers/verification_helper_spec.rb:4.096152000129223
spec/lib/tasks/cancel_benefit_application_spec.rb:3.8816660000011325
spec/controllers/employers/employer_profiles_controller_spec.rb:3.7418390000239015
spec/controllers/employers/broker_agency_controller_spec.rb:3.6969030001200736
spec/controllers/broker_agencies/inboxes_controller_spec.rb:3.6792679999489337
spec/data_migrations/remove_resident_role_spec.rb:3.6001659999601543
spec/controllers/ridp_documents_controller_spec.rb:3.522358999820426
spec/data_migrations/import_2019_ivl_benefit_package_spec.rb:3.4864789999555796
spec/views/events/hbx_enrollment/policy.xml.haml_spec.rb:3.3871430000290275
spec/controllers/employers/people_controller_spec.rb:3.3761220001615584
spec/models/rule_set/hbx_enrollment/individual_market_verificiation_spec.rb:3.364625999936834
spec/models/admin/aptc_spec.rb:3.2772729999851435
spec/controllers/insured/interactive_identity_verifications_controller_spec.rb:3.250529000069946
spec/policies/consumer_role_policy_spec.rb:3.194090000120923
spec/models/analytics/aggregate_event_spec.rb:3.1780370001215488
spec/data_migrations/assign_attested_residency_state_spec.rb:3.154357000021264
spec/views/shared/my_portal_links.html.erb_spec.rb:3.0840290000196546
spec/views/events/brokers/created.xml.haml_spec.rb:3.0529140001162887
spec/views/employers/employer_profiles/my_account/home_tab.html.erb_spec.rb:2.977121999952942
spec/data_migrations/change_username_spec.rb:2.9605020000599325
spec/models/broker_agency_profile_spec.rb:2.9110310000833124
spec/models/enrollments/individual_market/family_enrollment_renewal_spec.rb:2.906330999918282
spec/data_migrations/change_incorrect_bookmark_url_in_consumer_role_spec.rb:2.864993999945
spec/views/ui-components/v1/cards/_summary.html.slim_spec.rb:2.8514040000736713
spec/views/insured/consumer_roles/search.html.haml_spec.rb:2.8170270000118762
spec/lib/tasks/migrations/plans/load_dummy_rates_spec.rb:2.7981910000089556
spec/models/importers/conversion_employee_policy_update_spec.rb:2.7899690000340343
spec/views/broker_agencies/broker_roles/_existing_broker_agency_form.html.erb_spec.rb:2.7844390000682324
spec/models/vital_sign_spec.rb:2.759925000136718
spec/controllers/welcome_controller_spec.rb:2.738603000063449
spec/views/shared/update_browser_warning.html.erb_spec.rb:2.73847800004296
spec/views/events/v2/employers/_broker_agency_account.xml.haml_spec.rb:2.7273850000929087
spec/data_migrations/change_plan_year_effective_date_spec.rb:2.669996000127867
spec/data_migrations/trigger_dental_exit_notice_spec.rb:2.6540320001076907
spec/controllers/insured/verification_documents_controller_spec.rb:2.636057000141591
spec/helpers/insured/families_helper_spec.rb:2.628059000009671
spec/views/employers/plan_years/new.html.erb_spec.rb:2.627381999976933
spec/data_migrations/create_employer_staff_role_spec.rb:2.5810690000653267
spec/data_migrations/move_enrollment_between_two_accounts_spec.rb:2.548507000086829
spec/data_migrations/activate_benefit_group_assignment_spec.rb:2.5412649998907
spec/data_migrations/revert_termination_for_employee_spec.rb:2.536238000029698
spec/models/broker_role_spec.rb:2.51239400007762
spec/models/special_enrollment_period_spec.rb:2.506006000097841
spec/views/exchanges/announcements/_new_form.html.erb_spec.rb:2.4656899999827147
spec/controllers/exchanges/broker_applicants_controller_spec.rb:2.4092349999118596
spec/views/broker_agencies/profiles/edit.html.erb_spec.rb:2.3597780000418425
spec/views/events/individuals/created.xml.haml_spec.rb:2.3591259999666363
spec/lib/tasks/conversion_import_spec.rb:2.355191000038758
spec/models/factories/employment_relationship_factory_spec.rb:2.3508820000570267
spec/controllers/users/registrations_controller_spec.rb:2.347347999922931
spec/models/plan_cost_decorator_spec.rb:2.3100280000362545
spec/notices/shop_employer_notices/renewal_employer_ineligibility_notice_spec.rb:2.304172000149265
spec/views/shared/_dependents_list_modal.html.erb_spec.rb:2.276043999940157
spec/lib/tasks/nfp_spec.rb:2.219103999901563
spec/data_migrations/change_enrollment_details_spec.rb:2.2176820000167936
spec/controllers/families_controller_spec.rb:2.196211999980733
spec/controllers/exchanges/scheduled_events_controller_spec.rb:2.0635190000757575
spec/models/general_agency_profile_spec.rb:2.0587750000413507
spec/data_migrations/delete_single_invoice_with_fein_spec.rb:2.0528190000914037
spec/models/hbx_enrollment_member_spec.rb:2.046305000083521
spec/notices/shop_employer_notices/initial_employer_eligibility_notice_spec.rb:2.0388539999257773
spec/helpers/consumer_roles_helper_spec.rb:2.018938000081107
spec/views/insured/family_members/_dependent.html.erb_spec.rb:1.9586069998331368
spec/data_migrations/group_conversion_employers_migration_spec.rb:1.929877000162378
spec/models/forms/family_member_spec.rb:1.9151119999587536
spec/lib/object_builders/product_builder_spec.rb:1.9037069999612868
spec/data_migrations/update_initial_invoice_title_spec.rb:1.901668000034988
spec/views/exchanges/hbx_profiles/_edit_enrollment.html.erb_spec.rb:1.8898500001523644
spec/models/forms/broker_agency_profile_spec.rb:1.8840110001619905
spec/views/insured/families/check_qle_date.js.erb_spec.rb:1.883661000058055
spec/data_migrations/correct_curam_vlp_status_spec.rb:1.877781999995932
spec/views/exchanges/hbx_profiles/show.html.erb_spec.rb:1.8360539998393506
spec/lib/tasks/migrations/plans/load_rating_areas_spec.rb:1.8231999999843538
spec/views/insured/family_members/show.js.erb_spec.rb:1.7981290000025183
spec/lib/tasks/cancel_employer_renewal_spec.rb:1.7687010001391172
spec/models/importers/conversion_employer_plan_year_set_spec.rb:1.7601330000907183
spec/views/exchanges/announcements/_list.html.erb_spec.rb:1.7433899999596179
spec/views/broker_agencies/profiles/_general_agencies.html.erb_spec.rb:1.7385399998165667
spec/views/ui-components/v1/cards/_employee_enrollments.html.slim_spec.rb:1.7381070000119507
spec/data_migrations/fix_special_enrollment_period_spec.rb:1.7311090000439435
spec/models/invitation_spec.rb:1.7310029999352992
spec/notices/shop_employer_notices/renewal_employer_reminder_to_publish_planyear_spec.rb:1.701272000093013
spec/views/exchanges/scheduled_events/edit.html.erb_spec.rb:1.6876320000737906
spec/data_migrations/correct_enrollment_status_spec.rb:1.681954000145197
spec/data_migrations/move_user_account_between_two_people_accounts_spec.rb:1.6761779999360442
spec/models/sponsored_benefits/benefit_application_spec.rb:1.6632329998537898
spec/models/fedhub_result_propagation_spec.rb:1.6577940001152456
spec/controllers/users/passwords_controller_spec.rb:1.624474999960512
spec/models/general_agency_staff_role_spec.rb:1.60923199984245
spec/data_migrations/change_broker_details_spec.rb:1.6007439999375492
spec/views/employers/employer_profiles/_employer_form.html.erb_spec.rb:1.590559999924153
spec/models/plan_cost_decorator_congress_spec.rb:1.5828400000464171
spec/views/exchanges/hbx_profiles/_edit_force_publish.html.erb_spec.rb:1.5782319998834282
spec/invoices/employer_invoice_spec.rb:1.5404089998919517
spec/views/events/v2/employers/_benefit_group.xml.haml_spec.rb:1.5375620000995696
spec/data_migrations/update_user_email_spec.rb:1.536538999993354
spec/data_migrations/fix_experian_verified_people_spec.rb:1.5301149999722838
spec/data_migrations/change_last_portal_visited_spec.rb:1.5224899998866022
spec/models/forms/general_agency_profile_spec.rb:1.5191890003625304
spec/views/employers/plan_years/_reference_plan_summary_modal.html.erb_spec.rb:1.482785000000149
spec/views/insured/consumer_roles/immigration_document_options.js.erb_spec.rb:1.481980999931693
spec/data_migrations/change_email_of_user_spec.rb:1.4752760000992566
spec/models/sponsored_benefits/employer_profile_builder_spec.rb:1.468424999853596
spec/notices/shop_employer_notices/employer_renewal_notice_spec.rb:1.4674469998572022
spec/views/ui-components/v1/cards/_benefit_groups.html.slim_spec.rb:1.4618590001482517
spec/data_migrations/delink_user_and_person_spec.rb:1.4517139999661595
spec/views/people/landing_pages/_peronal.html.erb_spec.rb:1.4329229998402297
spec/views/insured/interactive_identity_verifications/service_unavailable.html.haml_spec.rb:1.39261500001885
spec/models/factories/plan_year_renewal_factory_spec.rb:1.392451000167057
spec/models/importers/transcripts/enrollment_transcript_spec.rb:1.3524870001710951
spec/views/exchanges/hbx_profiles/_new_benefit_application.html.slim_spec.rb:1.33310899999924
spec/models/importers/conversion_employer_set_spec.rb:1.3244440001435578
spec/views/insured/families/_qles_panel.html.erb_spec.rb:1.3232040000148118
spec/data_migrations/cancel_plan_years_group_spec.rb:1.3190709999762475
spec/views/insured/families/purchase.html.erb_spec.rb:1.300897000124678
spec/views/exchanges/scheduled_events/index.html.erb_spec.rb:1.2951609999872744
spec/data_migrations/migrate_verification_types_spec.rb:1.2798949999269098
spec/views/insured/families/_qles.html.erb_spec.rb:1.2775159999728203
spec/views/insured/interactive_identity_verifications/new.html.haml_spec.rb:1.2695689999964088
spec/controllers/people_controller_spec.rb:1.268231000052765
spec/models/quote_spec.rb:1.2412189999595284
spec/controllers/employers/inboxes_controller_spec.rb:1.236583000048995
spec/views/insured/families/_employer_panel.html.erb_spec.rb:1.2319320000242442
spec/data_migrations/expire_conversion_employers_spec.rb:1.2287930001039058
spec/data_migrations/change_state_for_passive_enrollment_spec.rb:1.226613000035286
spec/models/family_member_spec.rb:1.2246949998661876
spec/data_migrations/remove_consumer_role_spec.rb:1.191774999955669
spec/models/forms/employer_profile_spec.rb:1.1726800000760704
spec/notices/shop_employer_notices/initial_employer_denial_notice_spec.rb:1.156637999927625
spec/views/ui-components/v1/layouts/_header.slim_spec.rb:1.133257000008598
spec/data_migrations/remove_benefit_package_spec.rb:1.130600999807939
spec/notices/shop_employer_notices/initial_employer_open_enrollment_completed_spec.rb:1.116389000089839
spec/views/shared/qle_progress.html.erb_spec.rb:1.09984300006181
spec/models/hbx_profile_spec.rb:1.078203999903053
spec/lib/tasks/migrations/plans/load_sic_code_spec.rb:1.059287000214681
spec/data_migrations/update_plan_years_with_dental_offerings_spec.rb:1.0541920000687242
spec/views/insured/family_members/destroyed.js.erb_spec.rb:1.0483999999705702
spec/controllers/exchanges/inboxes_controller_spec.rb:1.048157999990508
spec/views/exchanges/scheduled_events/new.html.erb_spec.rb:1.0333779999054968
spec/views/events/identity_verification/interactive_session_start.xml.haml_spec.rb:1.0264990001451224
spec/views/insured/employee_roles/no_match.html.haml_spec.rb:1.0201339998748153
spec/views/exchanges/agents/_primary_nav.html.erb_spec.rb:1.0188690000213683
spec/views/exchanges/scheduled_events/show.html.erb_spec.rb:1.0089020000305027
spec/data_migrations/update_open_enrollment_dates_for_bcp_spec.rb:1.0036079999990761
spec/data_migrations/fix_hbx_enrollment_spec.rb:0.9649060000665486
spec/views/events/residency/verification_request.xml.haml_spec.rb:0.9387819997500628
spec/data_migrations/fix_plan_year_spec.rb:0.9296889998950064
spec/notices/shop_employer_notices/zero_employees_on_roster_spec.rb:0.9266749999951571
spec/data_migrations/remove_user_record_spec.rb:0.9238749998621643
spec/views/insured/families/_consumer_brokers_widget.erb_spec.rb:0.9236860000528395
spec/controllers/insured/inboxes_controller_spec.rb:0.9200369999743998
spec/notices/shop_employer_notices/initial_employer_reminder_to_publish_plan_year_spec.rb:0.9118299998808652
spec/data_migrations/correct_employees_with_incorrect_waivers_spec.rb:0.9061269999947399
spec/views/events/lawful_presence/vlp_verification_request.xml.haml_spec.rb:0.9051220000255853
spec/views/insured/families/_qles_carousel.html.erb_spec.rb:0.8933500000275671
spec/views/shared/shop_for_plans_progress.html.erb_spec.rb:0.8893810000736266
spec/data_migrations/update_verification_types_spec.rb:0.887142000021413
spec/views/broker_agencies/profiles/_broker_help.html.erb_spec.rb:0.8870300000999123
spec/data_migrations/change_initial_plan_year_aasm_state_spec.rb:0.8838090000208467
spec/views/insured/plan_shoppings/thankyou.html.erb_spec.rb:0.8747360000852495
spec/data_migrations/merge_ee_and_er_accounts_spec.rb:0.8746660000178963
spec/views/events/lawful_presence/ssa_verification_request.xml.haml_spec.rb:0.8741719997487962
spec/data_migrations/resolve_census_employee_validation_failures_spec.rb:0.8717640000395477
spec/data_migrations/update_broker_agency_profile_id_spec.rb:0.8461750000715256
spec/controllers/concerns/vlp_doc_spec.rb:0.8432519999332726
spec/models/forms/broker_candidate_spec.rb:0.8304979999084026
spec/views/insured/families/_qle_detail.html.erb_spec.rb:0.8286279998719692
spec/lib/tasks/recurring/employee_dependent_age_off_termination_spec.rb:0.8130139999557287
spec/views/events/v2/employers/_elected_plan.xml.haml_spec.rb:0.8087309999391437
spec/lib/tasks/hbx_reports/users_account_with_no_email_spec.rb:0.7994560000952333
spec/controllers/invitations_controller_spec.rb:0.7942830000538379
spec/views/employers/plan_years/plan_details/plan_details.html.erb_spec.rb:0.7929190001450479
spec/models/announcement_spec.rb:0.7849659998901188
spec/views/shared/sep_shop_for_plans_progress.html.erb_spec.rb:0.7771959998644888
spec/views/insured/families/_enrollment.html.erb_spec.rb:0.7640189998783171
spec/views/exchanges/hbx_profiles/_create_benefit_application.html.erb_spec.rb:0.7595509998500347
spec/views/broker_agencies/profiles/_families_table_for_broker.html.erb_spec.rb:0.7451069999951869
spec/models/lawful_presence_determination_spec.rb:0.7364169999491423
spec/notices/shop_employer_notices/employer_broker_fired_notice_spec.rb:0.7232800000347197
spec/controllers/api/v1/slcsp_controller_spec.rb:0.7100290001835674
spec/lib/tasks/nfp_broker_commissions_spec.rb:0.7028370001353323
spec/components/transport_profiles_spec.rb:0.6941580004058778
spec/data_migrations/fix_benefit_group_assignments_for_conversion_er_without_active_plan_year_spec.rb:0.6910290000960231
spec/data_migrations/move_due_date_to_verification_type_level_spec.rb:0.6895069999154657
spec/views/shared/plan_shoppings/_more_plan_details.html.erb_spec.rb:0.6820529999677092
spec/data_migrations/update_fields_of_employee_role_spec.rb:0.6787239999976009
spec/views/insured/families/_employee_broker_widget.erb_spec.rb:0.6779530001804233
spec/views/broker_agencies/profiles/_employers.html.erb_spec.rb:0.6767500001005828
spec/views/employers/employer_profiles/_employer_broker_widget.html.erb_spec.rb:0.6752700000070035
spec/models/factories/shop_enrollment_renewal_factory_spec.rb:0.6720790001563728
spec/notices/shop_employer_notices/employer_renewal_eligibility_denial_notice_spec.rb:0.6598510001786053
spec/models/verification_type_spec.rb:0.6381810000166297
spec/data_migrations/unset_employee_role_id_spec.rb:0.6324920000042766
spec/models/subscribers/lawful_presence_spec.rb:0.6297359999734908
spec/data_migrations/change_enrollment_member_applicant_id_spec.rb:0.629361999919638
spec/views/products/qhp/summary.js.erb_spec.rb:0.6261210001539439
spec/models/subscribers/ssa_verification_spec.rb:0.6255660001188517
spec/views/insured/plan_shoppings/_waive_confirmation.html.erb_spec.rb:0.6175330001860857
spec/views/insured/group_selection/terminate_confirmation.html.erb_spec.rb:0.6112749997992069
spec/data_migrations/extending_open_enrollment_end_date_for_employers_spec.rb:0.6086470000445843
spec/views/employers/employer_profiles/_billing.html.erb_spec.rb:0.6084509999491274
spec/models/forms/organization_signup_spec.rb:0.6064040001947433
spec/views/insured/plan_shoppings/coverage_information.html.slim_spec.rb:0.5968119997996837
spec/lib/tasks/update_super_group_ids_spec.rb:0.5957180000841618
spec/views/shared/shared/custom_dental_offered_plans_modal.html.erb_spec.rb:0.5952389999292791
spec/helpers/employers/premium_statement_helper_spec.rb:0.5906139998696744
spec/data_migrations/remove_family_member_from_coverage_household_spec.rb:0.5904580000787973
spec/models/employer_attestation_spec.rb:0.580545999808237
spec/views/shared/shared/inboxes/_message_list.html.erb_spec.rb:0.5796799999661744
spec/models/enrollment_period/special_enrollment_spec.rb:0.5559719998855144
spec/models/quote_household_spec.rb:0.5532360000070184
spec/views/shared/edit_reference_plans_list.html.erb_spec.rb:0.5531290001235902
spec/data_migrations/correct_not_lawfully_citizen_status_spec.rb:0.5503589999862015
spec/views/exchanges/hbx_profiles/_edit_fein.html.erb_spec.rb:0.5485769999213517
spec/models/phone_spec.rb:0.547131999861449
spec/data_migrations/update_benefit_group_finalize_composite_rate_spec.rb:0.5437659998424351
spec/components/transport_gateway_spec.rb:0.5371510002296418
spec/models/office_location_spec.rb:0.5365949999541044
spec/data_migrations/add_hbx_enrollment_member_spec.rb:0.5357200000435114
spec/views/shared/_signup_progress.html.haml_spec.rb:0.5270340000279248
spec/models/scheduled_event_spec.rb:0.5226990000810474
spec/data_migrations/update_product_package_rates_spec.rb:0.5136299999430776
spec/views/insured/families/_consumer_broker.html.erb_spec.rb:0.5121469998266548
spec/views/employers/census_employees/enrollment_details.html.erb_spec.rb:0.5097100001294166
spec/views/broker_agencies/profiles/_assign_history.html.erb_spec.rb:0.5072099999524653
spec/data_migrations/update_employee_plan_selection_spec.rb:0.504285000031814
spec/lib/tasks/recurring/ivl_reminder_notices_spec.rb:0.5040949999820441
spec/models/email_spec.rb:0.5036659999750555
spec/data_migrations/activate_or_deactivate_employer_link_for_broker_spec.rb:0.4996690000407398
spec/models/census_member_spec.rb:0.49888100009411573
spec/helpers/portal_header_helper_spec.rb:0.49581300001591444
spec/data_migrations/delete_dental_enrollments_spec.rb:0.49227800010703504
spec/data_migrations/change_er_to_applicant_state_spec.rb:0.4921610001474619
spec/models/carrier_profile_spec.rb:0.49081899994052947
spec/lib/tasks/migrations/plans/plan_cross_walk_spec.rb:0.4855780000798404
spec/views/employers/broker_agency/_active_broker_modal.html.erb_spec.rb:0.4827099998947233
spec/notices/shop_employer_notices/broker_hired_confirmation_notice_spec.rb:0.48152499995194376
spec/views/insured/families/_employers_selection.html.erb_spec.rb:0.4795099999755621
spec/data_migrations/move_employer_staff_role_between_two_people_spec.rb:0.478103999979794
spec/models/parsers/xml/cv/importers/enrollment_parser_spec.rb:0.4721239998470992
spec/data_migrations/update_hbx_enrollment_benefit_group_assignment_spec.rb:0.4671829999424517
spec/models/eligibility_determination_spec.rb:0.4665510000195354
spec/data_migrations/remove_dependent_from_ee_enrollment_spec.rb:0.4596150000579655
spec/data_migrations/add_new_eligibility_determination_spec.rb:0.4524289998225868
spec/data_migrations/change_person_phone_number_spec.rb:0.45170600013807416
spec/data_migrations/update_ee_dependent_ssn_spec.rb:0.4489039999898523
spec/views/broker_agencies/profiles/_families.html.erb_spec.rb:0.4437029999680817
spec/models/transcripts/enrollment_transcript_spec.rb:0.4432620001025498
spec/models/forms/employee_candidate_spec.rb:0.4428410001564771
spec/models/time_keeper_spec.rb:0.4368720001075417
spec/data_migrations/remove_invalid_broker_agency_accounts_for_employer_spec.rb:0.4352160000707954
spec/data_migrations/cancel_plan_year_spec.rb:0.43175900005735457
spec/models/general_agency_account_spec.rb:0.42930999980308115
spec/models/carrier_service_area_spec.rb:0.4249899999704212
spec/views/employers/census_employees/address_fields.html.erb_spec.rb:0.42036499991081655
spec/lib/tasks/notices/shop_employee_notice_for_all_inputs_spec.rb:0.42019099998287857
spec/views/ui-components/v1/layouts/_footer.html.slim_spec.rb:0.41756299999542534
spec/data_migrations/terminate_a_census_employee_spec.rb:0.4153189999051392
spec/lib/tasks/iam_black_list/black_list_spec.rb:0.4148870001081377
spec/data_migrations/create_new_initial_plan_year_using_another_spec.rb:0.41139500006102026
spec/views/broker_agencies/profiles/_staff_table.html.erb_spec.rb:0.4102370000910014
spec/views/broker_agencies/broker_roles/_search_broker_agency.html.erb_spec.rb:0.4088629998732358
spec/data_migrations/remove_member_from_hbx_enrollment_spec.rb:0.4062610000837594
spec/data_migrations/triggering_auto_renewals_spec.rb:0.40500400005839765
spec/models/subscribers/local_residency_spec.rb:0.4036169999744743
spec/models/person_relationship_spec.rb:0.395253999857232
spec/data_migrations/migrate_plan_year_spec.rb:0.3946990000549704
spec/data_migrations/change_enrollment_termination_date_spec.rb:0.3939280000049621
spec/data_migrations/add_existing_family_member_as_dependent_to_enrollment_spec.rb:0.38910500006750226
spec/data_migrations/remove_dependent_spec.rb:0.38903199997730553
spec/models/rating_area_spec.rb:0.38533799978904426
spec/models/importers/conversion_employer_update_spec.rb:0.3830159998033196
spec/views/shared/_search.html.erb_spec.rb:0.37837300007231534
spec/views/employers/employer_profiles/_index_table.html.erb_spec.rb:0.37691599992103875
spec/views/employers/plan_years/plan_options.html.erb_spec.rb:0.3701549998950213
spec/data_migrations/change_office_phone_number_spec.rb:0.3684919998049736
spec/helpers/hbx_admin_helper_spec.rb:0.36785800009965897
spec/models/subscribers/default_ga_changed_spec.rb:0.3674669999163598
spec/views/insured/plan_shoppings/receipt.html.erb_spec.rb:0.3661150000989437
spec/data_migrations/ee_without_employee_role_spec.rb:0.3622570000588894
spec/data_migrations/fix_title_for_existing_quotes_spec.rb:0.3593819998204708
spec/views/insured/families/_inbox.html.erb_spec.rb:0.35874499985948205
spec/views/insured/families/_terminate_confirmation.html.erb_spec.rb:0.3573230002075434
spec/views/shared/_carrier_contact_information.html.erb_spec.rb:0.3562969998456538
spec/views/employers/employer_profiles/_enrollment_report_widget.html.erb_spec.rb:0.353419000050053
spec/views/insured/plan_shoppings/print_waiver.html.erb_spec.rb:0.3498880001716316
spec/models/sic_code_spec.rb:0.34771700017154217
spec/views/insured/plan_shoppings/plans.js.erb_spec.rb:0.3457349999807775
spec/models/relationship_benefit_spec.rb:0.3454849999397993
spec/controllers/employers/premium_statements_controller_spec.rb:0.3366920000407845
spec/data_migrations/terminate_census_employee_spec.rb:0.33580200001597404
spec/views/employers/plan_years/_delete_benefit_package_modal.html.erb_spec.rb:0.33501599985174835
spec/views/insured/families/_effective_on_kind_fields.html.erb_spec.rb:0.3333240000065416
spec/data_migrations/change_date_of_hire_spec.rb:0.3303960000630468
spec/models/employer_attestation_document_spec.rb:0.3298189998604357
spec/data_migrations/reactivate_tax_household_with_assistance_year_spec.rb:0.3289070001337677
spec/views/insured/employee_roles/privacy.html.erb_spec.rb:0.32690500002354383
spec/views/shared/waive.html.erb_spec.rb:0.32372700003907084
spec/views/events/identity_verification/interactive_questions_response.xml.haml_spec.rb:0.3228970000054687
spec/views/shared/_alph_paginate_remote.html.erb_spec.rb:0.32194699998945
spec/lib/tasks/notices/shop_employer_notice_for_all_inputs_spec.rb:0.31951699987985194
spec/data_migrations/remove_one_ce_from_er_spec.rb:0.31871100002899766
spec/views/employers/employer_profiles/_menu.html.erb_spec.rb:0.31404299987480044
spec/views/insured/employee_roles/search.html.haml_spec.rb:0.31397200003266335
spec/views/insured/plan_shoppings/_individual_agreement.html.erb_spec.rb:0.3121160001028329
spec/models/unassisted_plan_cost_decorator_spec.rb:0.3060000000987202
spec/views/insured/employee_roles/new_message_form.html.erb_spec.rb:0.30535600008443
spec/data_migrations/components/fix_employer_attestation_spec.rb:0.3048960000742227
spec/data_migrations/remove_coverage_household_member_spec.rb:0.3040879999753088
spec/lib/notify_spec.rb:0.3029690000694245
spec/data_migrations/delink_broker_agency_spec.rb:0.29912699991837144
spec/views/broker_agencies/broker_roles/confirmation.html.erb_spec.rb:0.2977690000552684
spec/views/layout/horizontal_status.html.erb_spec.rb:0.2963560000061989
spec/views/events/v2/organizations/_office_locations.haml_spec.rb:0.295145999873057
spec/views/insured/families/_help_me_sign_up_widget.html.erb_spec.rb:0.294579999987036
spec/views/employers/employer_profiles/my_account/_enrollment_progress_bar.erb_spec.rb:0.29386800015345216
spec/views/shared/modals/read_only_modal.html.erb_spec.rb:0.29255899996496737
spec/models/premium_table_spec.rb:0.29147799988277256
spec/views/insured/families/_enrollment_progress.html.erb_spec.rb:0.28540400019846857
spec/views/insured/families/_navigate_to_curam_for_documents.html.erb_spec.rb:0.2851219999138266
spec/data_migrations/update_aptc_dental_enr_spec.rb:0.28386800014413893
spec/views/events/identity_verification/interactive_verification_override.xml.haml_spec.rb:0.2821840001270175
spec/data_migrations/move_domestic_partner_relation_to_immediate_family_spec.rb:0.27987800003029406
spec/views/shared/_tab_panel.html.erb_spec.rb:0.27973200008273125
spec/data_migrations/update_employer_status_spec.rb:0.27774800010956824
spec/views/shared/signup_progress.html.erb_spec.rb:0.2773729998152703
spec/models/parsers/xml/cv/importers/individual_parser_spec.rb:0.27700000000186265
spec/data_migrations/match_coverage_household_with_family_member_spec.rb:0.27615299983881414
spec/concerns/scheduled_event_service_spec.rb:0.2726229999680072
spec/data_migrations/updating_broker_agency_account_or_profile_spec.rb:0.2715570000000298
spec/models/tax_household_member_spec.rb:0.2695730000268668
spec/views/employers/employer_profiles/my_account/profile_tab.html.erb_spec.rb:0.26934600016102195
spec/views/events/v2/addresses/_address.xml.haml_spec.rb:0.2668639998883009
spec/data_migrations/notify_renewal_employees_dental_carriers_exiting_shop_spec.rb:0.2644799998961389
spec/data_migrations/remove_coverage_household_for_inactive_family_member_spec.rb:0.2608679998666048
spec/data_migrations/update_enrollment_review_status_spec.rb:0.2593439999036491
spec/views/notices/ivl/final_catastrophic_plan_letter.html.erb_spec.rb:0.2580519998446107
spec/models/benefit_package_spec.rb:0.25800899998284876
spec/data_migrations/build_individual_market_transition_spec.rb:0.24232499999925494
spec/data_migrations/update_invalid_benefit_group_assignments_for_employer_spec.rb:0.23524900013580918
spec/models/tax_household_spec.rb:0.2329100000206381
spec/data_migrations/update_benefit_group_assignment_start_date_spec.rb:0.23238400020636618
spec/data_migrations/update_family_members_index_spec.rb:0.2321879998780787
spec/data_migrations/populate_conversion_flag_spec.rb:0.2304289999883622
spec/models/importers/mhc/conversion_employer_create_spec.rb:0.22917099995538592
spec/data_migrations/update_benefit_group_id_spec.rb:0.22827099985443056
spec/models/broker_agency_account_spec.rb:0.22562199993990362
spec/data_migrations/remove_invalid_coverage_household_member_spec.rb:0.22400100016966462
spec/models/queries/family_datatable_query_spec.rb:0.22306600003503263
spec/lib/tasks/update_super_group_spec.rb:0.21903399983420968
spec/data_migrations/remove_decertified_brokers_assignments_spec.rb:0.21756100002676249
spec/data_migrations/change_incorrect_termination_date_in_enrollment_spec.rb:0.21585200005210936
spec/models/employer_group_size_rating_factor_set_spec.rb:0.212881000014022
spec/data_migrations/change_census_employee_dot_spec.rb:0.21155199990607798
spec/data_migrations/update_curam_user_records_spec.rb:0.20818799990229309
spec/models/ach_record_spec.rb:0.2066359999589622
spec/lib/tasks/migrations/plans/import_provider_and_rx_formulary_url_spec.rb:0.20443699997849762
spec/data_migrations/exchange_ssn_between_two_accounts_spec.rb:0.20309299998916686
spec/data_migrations/change_broker_assignment_date_spec.rb:0.20216199988499284
spec/data_migrations/change_general_agency_staff_role_spec.rb:0.19188599986955523
spec/controllers/events/ssa_verification_requests_controller_spec.rb:0.19053500005975366
spec/models/employer_staff_role_spec.rb:0.19041699985973537
spec/data_migrations/general_agency_assignment_spec.rb:0.18835000018589199
spec/data_migrations/invoke_hub_response_spec.rb:0.18742799991741776
spec/data_migrations/broker_email_invitation_spec.rb:0.18688100017607212
spec/controllers/concerns/employee_roles_spec.rb:0.1866200000513345
spec/data_migrations/change_aasm_state_dot_census_employee_spec.rb:0.18627599999308586
spec/data_migrations/add_plan_to_enrollment_spec.rb:0.18358499999158084
spec/models/forms/person_signup_spec.rb:0.17873700009658933
spec/models/parsers/xml/cv/importers/family_parser_spec.rb:0.17623899993486702
spec/data_migrations/update_dental_relationship_benefits_spec.rb:0.17533300002105534
spec/data_migrations/fix_invalid_relationship_benefit_in_plan_year_spec.rb:0.17186699993908405
spec/data_migrations/add_family_member_to_coverage_household_spec.rb:0.16821799986064434
spec/data_migrations/reset_e_case_id_spec.rb:0.1677940001245588
spec/controllers/events/vlp_verification_requests_controller_spec.rb:0.16567500005476177
spec/interactors/find_or_create_insured_person_spec.rb:0.16285700001753867
spec/data_migrations/add_coverage_household_member_spec.rb:0.1626170000527054
spec/data_migrations/update_ee_dot_spec.rb:0.16217800020240247
spec/data_migrations/remove_plan_offerings_for_er_spec.rb:0.15888599981553853
spec/data_migrations/upload_notice_to_employer_account_spec.rb:0.15827900008298457
spec/data_migrations/clone_consumer_role_spec.rb:0.1577660001348704
spec/data_migrations/delink_broker_general_agency_spec.rb:0.15614400012418628
spec/data_migrations/remove_duplicate_broker_agency_accounts_spec.rb:0.15551199996843934
spec/data_migrations/change_fein_new_model_spec.rb:0.1535169999115169
spec/models/importers/conversion_employee_action_spec.rb:0.1512110000476241
spec/data_migrations/make_benefit_group_assignment_active_spec.rb:0.1509239999577403
spec/data_migrations/change_plan_year_effective_terminated_on_spec.rb:0.15064700017683208
spec/data_migrations/deactivate_consumer_role_spec.rb:0.150635999860242
spec/models/sic_code_rating_factor_set_spec.rb:0.14487700001336634
spec/data_migrations/move_phone_between_person_accounts_spec.rb:0.14481700002215803
spec/models/address_spec.rb:0.14282499998807907
spec/reports/hbx_reports/shop_enrollment_report_spec.rb:0.14245499996468425
spec/data_migrations/update_full_phone_number_spec.rb:0.1414809999987483
spec/data_migrations/update_waiver_reason_spec.rb:0.14107799995690584
spec/data_migrations/change_applied_aptc_amount_spec.rb:0.13928899983875453
spec/data_migrations/delink_broker_spec.rb:0.13842199998907745
spec/controllers/events/residency_verification_requests_controller_spec.rb:0.13752799993380904
spec/models/security_question_spec.rb:0.13665899983607233
spec/data_migrations/change_ce_date_of_termination_spec.rb:0.13610300002619624
spec/data_migrations/cancel_enrollment_spec.rb:0.13563899998553097
spec/data_migrations/create_broker_agency_account_for_employer_spec.rb:0.13370399991981685
spec/data_migrations/change_new_hire_rule_spec.rb:0.13163700001314282
spec/data_migrations/fix_is_subscriber_for_responsible_party_enrollments_spec.rb:0.1316160000860691
spec/lib/tasks/migrations/disregard_termination_of_coverage_notice_er_spec.rb:0.1281869998201728
spec/models/importers/transcripts/family_transcript_spec.rb:0.12617100006900728
spec/data_migrations/change_gender_spec.rb:0.12251300015486777
spec/models/employer_participation_rate_rating_factor_set_spec.rb:0.12212700000964105
spec/views/insured/plan_shoppings/_coverage_information.html.erb_spec.rb:0.12056900002062321
spec/data_migrations/remove_termination_date_from_enrollment_spec.rb:0.11949199996888638
spec/data_migrations/change_person_family_member_linkage_spec.rb:0.11931300000287592
spec/views/employers/employer_profiles/my_account/_families.html.erb_spec.rb:0.11741499998606741
spec/data_migrations/terminate_census_employee_with_no_hbx_enrollment_spec.rb:0.11630200012587011
spec/models/benefit_group_composite_rating_factors_spec.rb:0.11613900004886091
spec/data_migrations/correct_plan_in_enrollments_spec.rb:0.11500800005160272
spec/data_migrations/updating_person_ssn_spec.rb:0.11461799987591803
spec/models/composite_rating_tier_factor_set_spec.rb:0.11420299974270165
spec/data_migrations/update_hbx_id_spec.rb:0.11286900006234646
spec/data_migrations/terminate_enr_with_date_spec.rb:0.11069900006987154
spec/views/shared/person/_personal_information.html.erb_spec.rb:0.10824800003319979
spec/data_migrations/change_email_address_spec.rb:0.10808399994857609
spec/data_migrations/remove_ce_from_roster_spec.rb:0.10636599990539253
spec/lib/sbc/sbc_processor2015_spec.rb:0.09911999991163611
spec/data_migrations/trigger_broker_invitation_url_spec.rb:0.0957730000372976
spec/data_migrations/components/fix_office_location_address_kind_spec.rb:0.09499299991875887
spec/data_migrations/update_subject_for_messages_spec.rb:0.09404899994842708
spec/data_migrations/add_primary_family_spec.rb:0.09359800000675023
spec/models/ridp_document_spec.rb:0.09334799996577203
spec/data_migrations/cancel_policy_spec.rb:0.09287900011986494
spec/data_migrations/destroy_duplicate_family_spec.rb:0.0926689999178052
spec/models/qualifying_life_event_kind_spec.rb:0.08977099996991456
spec/data_migrations/fix_plan_years_to_obey_minimum_open_enrollment_period_spec.rb:0.08962600002996624
spec/reports/hbx_reports/generate_2017_ehb_report_spec.rb:0.08952099992893636
spec/data_migrations/trigger_shop_notices_spec.rb:0.08920199982821941
spec/lib/tasks/migrations/disregard_termination_of_coverage_notice_ee_spec.rb:0.08905999991111457
spec/models/general_agency_broker_group_spec.rb:0.08902899990789592
spec/data_migrations/update_broker_agency_profile_legal_name_spec.rb:0.08886200003325939
spec/models/favorite_general_agency_spec.rb:0.08832100010477006
spec/data_migrations/update_book_mark_url_for_employee_role_spec.rb:0.0866810001898557
spec/models/plan_selection_scopes_spec.rb:0.0855590000282973
spec/data_migrations/import_missing_person_contact_info_spec.rb:0.08495600009337068
spec/data_migrations/update_person_relationship_kind_spec.rb:0.08374299993738532
spec/data_migrations/remove_invalid_person_relationship_spec.rb:0.08351400005631149
spec/data_migrations/update_person_name_spec.rb:0.07809399999678135
spec/data_migrations/change_person_dob_spec.rb:0.07752100005745888
spec/data_migrations/update_all_plan_options_spec.rb:0.07737299986183643
spec/views/shared/census_dependent_fields.html.erb_spec.rb:0.07736600004136562
spec/helpers/exchanges/broker_applicants_helper_spec.rb:0.07735999999567866
spec/data_migrations/updating_person_phone_number_spec.rb:0.07714599999599159
spec/data_migrations/change_person_name_suffix_spec.rb:0.07483600010164082
spec/models/transcripts/family_transcript_spec.rb:0.07233799993991852
spec/data_migrations/remove_organization_spec.rb:0.07222299999557436
spec/data_migrations/change_fein_spec.rb:0.0706269999500364
spec/data_migrations/change_broker_npn_spec.rb:0.06855099997483194
spec/data_migrations/update_carrier_names_spec.rb:0.06614000000990927
spec/models/vlp_document_spec.rb:0.06511199986562133
spec/data_migrations/update_carrier_name_spec.rb:0.06342500005848706
spec/data_migrations/creating_person_record_spec.rb:0.06298099993728101
spec/models/composite_tier_contribution_spec.rb:0.06225700001232326
spec/models/forms/employer_candidate_spec.rb:0.06117199989967048
spec/models/importers/conversion_employee_set_spec.rb:0.060735999839380383
spec/lib/tasks/hbx_reports/outstanding_monthly_enrollments_spec.rb:0.05966000002808869
spec/models/paper_application_spec.rb:0.057022999972105026
spec/data_migrations/disable_person_account_spec.rb:0.05636399984359741
spec/reports/hbx_reports/primary_family_members_data_with_e_case_id_spec.rb:0.0560850000474602
spec/data_migrations/migrate_invoices_to_employer_profile_spec.rb:0.055567000061273575
spec/lib/tasks/hbx_reports/shop_monthly_enrollments_spec.rb:0.05409500002861023
spec/data_migrations/update_qle_tooltip_spec.rb:0.05059499992057681
spec/data_migrations/update_carefirst_shop_health_plan_deductible_spec.rb:0.048697000136598945
spec/data_migrations/map_dental_plans_spec.rb:0.04771100007928908
spec/models/identity_verification/interactive_verification_response_spec.rb:0.04659500019624829
spec/models/census_dependent_spec.rb:0.042486999882385135
spec/models/importers/transcripts/person_transcript_spec.rb:0.04238100000657141
spec/models/products/qhp_spec.rb:0.04229600005783141
spec/data_migrations/move_email_between_two_people_spec.rb:0.04211800009943545
spec/lib/tasks/migrations/plans/load_dental_pricing_and_contribution_models_spec.rb:0.041843000100925565
spec/models/importers/mhc/conversion_employer_plan_year_create_spec.rb:0.041265999898314476
spec/models/rating_factor_entry_spec.rb:0.040157000068575144
spec/models/forms/consumer_role_spec.rb:0.033762000035494566
spec/lib/migrations/load_federal_holidays_spec.rb:0.031814999878406525
spec/models/application_event_kind_spec.rb:0.03137300000526011
spec/models/renewal_plan_mapping_spec.rb:0.03009300003759563
spec/models/importers/conversion_employee_policy_delete_spec.rb:0.030070000095292926
spec/models/effective/datatable/quote_datatable_spec.rb:0.030018999939784408
spec/lib/tasks/hbx_import/employer_monkeypatch_spec.rb:0.029903999995440245
spec/views/shared/shared/inboxes/_messages_list.html.erb_spec.rb:0.029861000133678317
spec/data_migrations/change_suffix_person_spec.rb:0.02984700002707541
spec/models/irs_group_spec.rb:0.026434999890625477
spec/data_migrations/change_hbx_id_spec.rb:0.02596200001426041
spec/models/workflow_state_transition_spec.rb:0.025092999916523695
spec/data_migrations/remove_hbx_id_spec.rb:0.02497699996456504
spec/data_migrations/remove_ssn_spec.rb:0.02298699994571507
spec/models/curam_user_spec.rb:0.022579000098630786
spec/models/transcripts/person_transcript_spec.rb:0.022524999920278788
spec/data_migrations/remove_person_ssn_spec.rb:0.02175999991595745
spec/models/deep_child_failure_spec.rb:0.020342000061646104
spec/mailers/broker_registration_guide_spec.rb:0.019911000039428473
spec/models/inbox_spec.rb:0.01812599995173514
spec/lib/object_builders/broker_role_builder_spec.rb:0.016597999958321452
spec/models/enrollment_period/base_spec.rb:0.015295999823138118
spec/lib/tasks/hbx_import/broker/broker_parser_spec.rb:0.014737999998033047
spec/mailers/user_mailer_spec.rb:0.01438599987886846
spec/helpers/insured/employee_roles_helper_spec.rb:0.014001999981701374
spec/models/resident_role_spec.rb:0.012994999997317791
spec/interactors/handle_coverage_selected_spec.rb:0.012491000117734075
spec/models/hbx_enrollment_composite_rating_spec.rb:0.012203000020235777
spec/views/shared/_email_fields.html.erb_spec.rb:0.010685000102967024
spec/models/parsers/xml/cv/verified_family_parser_spec.rb:0.0096539999358356
spec/models/aws/s3_storage_spec.rb:0.009531000163406134
spec/models/subscribers/policy_terminations_subscriber_spec.rb:0.009236000012606382
spec/models/parsers/xml/cv/ssa_verification_result_parser_spec.rb:0.008741999976336956
spec/models/coverage_household_spec.rb:0.0086109999101609
spec/views/shared/plan_shoppings/_sbc_link.html.erb_spec.rb:0.007991000078618526
spec/mailers/generic_consumer_welcome_spec.rb:0.007899000076577067
spec/models/census_employee_composite_rating_spec.rb:0.007194999838247895
spec/models/parsers/xml/cv/lawful_presence_response_parser_spec.rb:0.0066830001305788755
spec/views/shared/home_address_fields.html.erb_spec.rb:0.006661999970674515
spec/models/special_verification_spec.rb:0.00658600009046495
spec/views/shared/_network_data.html.erb_spec.rb:0.006525999866425991
spec/models/rule_set/coverage_household/individual_market_verification_spec.rb:0.006459000054746866
spec/models/full_stripped_names_spec.rb:0.006321999942883849
spec/models/subscribers/shop_renewal_transmission_authorized_spec.rb:0.006052999757230282
spec/models/enrollments/individual_market/open_enrollment_begin_spec.rb:0.006037000101059675
spec/views/shared/plan_shoppings/_select_plan_button.html.erb_spec.rb:0.005873000016435981
spec/models/subscribers/shop_binder_enrollments_transmission_authorized_spec.rb:0.005763000110164285
spec/policies/user_policy_spec.rb:0.00571599998511374
spec/helpers/insured/plan_filter_helper_spec.rb:0.005449999822303653
spec/models/importers/conversion_employee_update_spec.rb:0.005093000130727887
spec/models/identity_verification/interactive_verification_override_response_spec.rb:0.004794999957084656
spec/reports/outstanding_types_report_spec.rb:0.004728999920189381
spec/models/listeners/policy_query_listener_spec.rb:0.00469700014218688
spec/models/application_event_mapper_spec.rb:0.004539000103250146
spec/views/shared/plan_shoppings/_provider_directory_url.html.erb_spec.rb:0.0045380000956356525
spec/routing/exchanges/security_questions_routing_spec.rb:0.004482999909669161
spec/controllers/events/employers_controller_spec.rb:0.004417999880388379
spec/models/composite_rating_base_rates_calculator_spec.rb:0.004278000211343169
spec/controllers/events/policies_controller_spec.rb:0.0042760001961141825
spec/models/setting_spec.rb:0.00407000002451241
spec/models/saml_information_spec.rb:0.0037810001522302628
spec/models/concerns/value_parsers/optimistic_ssn_parser_spec.rb:0.003278999822214246
spec/views/shared/plan_shoppings/_plan_visit_types.html.erb_spec.rb:0.0032420000061392784
spec/invoices/invoice_helper_spec.rb:0.003152000019326806
spec/models/hbx_id_generator_spec.rb:0.0030960000585764647
spec/models/composite_rating_list_bill_precalculator_spec.rb:0.00306499982252717
spec/concerns/sic_concern_spec.rb:0.003009999869391322
spec/controllers/events/brokers_controller_spec.rb:0.0030049998313188553
spec/models/composite_rated_plan_cost_decorator_spec.rb:0.002993999980390072
spec/models/importers/conversion_employee_create_spec.rb:0.0028159997891634703
spec/models/parsers/xml/cv/residency_verification_response_spec.rb:0.0027459999546408653
spec/data_migrations/fix_hub_verified_consumer_spec.rb:0.0027439999394118786
spec/routing/user_routing_spec.rb:0.0024349999148398638
spec/models/services/employee_signup_match_spec.rb:0.0023380001075565815
spec/components/notifier_spec.rb:0.0021159998141229153
spec/controllers/concerns/sep_all_spec.rb:0.002111000008881092
spec/models/message_spec.rb:0.0019749999046325684
spec/models/quote_member_spec.rb:0.0019190001767128706
spec/controllers/concerns/aptc_spec.rb:0.0018170000985264778
spec/models/subscribers/date_change_spec.rb:0.001786000095307827
spec/models/payload_inflater_spec.rb:0.0015920000150799751
spec/models/forms/employment_relationship_spec.rb:0.0014730000402778387
spec/models/premium_payment_spec.rb:0.001041000010445714
spec/models/forms/bulk_actions_for_admin_spec.rb:0.0009310001041740179
spec/routing/routes_spec.rb:0.0006889998912811279
spec/models/financial_statement_spec.rb:0.0006579998880624771
spec/models/concerns/config/aca_model_concern_spec.rb:0.00062700011767447
spec/views/insured/families/documents_upload.html.erb_spec.rb:0.0005489999894052744
spec/models/importers/conversion_employee_delete_spec.rb:0.000530000077560544
spec/models/queries/shop_monthly/monthly_enrollment_query_spec.rb:0.0005270000547170639
spec/models/forms/people_names_spec.rb:0.0004940000362694263
spec/data_migrations/update_carrier_appointments_spec.rb:0.00048699998296797276
spec/data_migrations/reinstate_plan_year_spec.rb:0.0003459998406469822
spec/models/queries/employer_plan_offerings_spec.rb:0.00032899994403123856
spec/models/queries/named_policy_queries_spec.rb:0.00031700008548796177
spec/models/concerns/csv_operater_spec.rb:0.00027600000612437725
spec/models/queries/shop_monthly/monthly_renewal_termination_query_spec.rb:0.00024500000290572643
spec/data_migrations/remove_invalid_benefit_group_assignment_for_census_employee_spec.rb:0.00024399999529123306
spec/data_migrations/remove_congress_census_employee_spec.rb:0.0002380001824349165
spec/data_migrations/triggering_auto_renewals_for_specific_employer_spec.rb:0.00020999996922910213
spec/data_migrations/correct_invalid_benefit_group_assignments_for_employer_spec.rb:0.0002009999006986618
spec/data_migrations/deactivate_employer_staff_role_spec.rb:0.0002000001259148121
spec/data_migrations/populate_employee_role_on_enrollments_spec.rb:0.0001930000726133585
spec/data_migrations/app/change_renewing_plan_year_aasm_state_spec.rb:0.0001759999431669712
spec/data_migrations/build_shop_enrollment_spec.rb:0.0001759999431669712
spec/data_migrations/change_census_employee_details_spec.rb:0.0001729999203234911
spec/lib/tasks/terminate_employer_accounts_spec.rb:0.00016899988986551762
spec/data_migrations/cancel_dental_offerings_from_plan_year_spec.rb:0.00013699987903237343
